<?xml version="1.0" encoding="UTF-8"?>
<testsuite xmlns:xsi="http://www.w3.org/2001/XMLSchema-instance" xsi:noNamespaceSchemaLocation="https://maven.apache.org/surefire/maven-surefire-plugin/xsd/surefire-test-report-3.0.xsd" version="3.0" name="TestSuite" time="36.372" tests="6" errors="0" skipped="0" failures="1">
  <properties>
    <property name="sun.desktop" value="windows"/>
    <property name="awt.toolkit" value="sun.awt.windows.WToolkit"/>
    <property name="file.encoding.pkg" value="sun.io"/>
    <property name="java.specification.version" value="1.8"/>
    <property name="webdriver.chrome.driver" value="C:\Users\rawam\.cache\selenium\chromedriver\win32\105.0.5195.52\chromedriver.exe"/>
    <property name="sun.cpu.isalist" value="amd64"/>
    <property name="sun.jnu.encoding" value="Cp1252"/>
    <property name="java.class.path" value="C:\Users\rawam\eclipse-workspace\HybridFramework\target\test-classes;C:\Users\rawam\eclipse-workspace\HybridFramework\target\classes;C:\Users\rawam\.m2\repository\io\github\bonigarcia\webdrivermanager\5.0.3\webdrivermanager-5.0.3.jar;C:\Users\rawam\.m2\repository\org\slf4j\slf4j-api\1.7.32\slf4j-api-1.7.32.jar;C:\Users\rawam\.m2\repository\com\google\code\gson\gson\2.8.8\gson-2.8.8.jar;C:\Users\rawam\.m2\repository\org\jsoup\jsoup\1.14.2\jsoup-1.14.2.jar;C:\Users\rawam\.m2\repository\com\github\docker-java\docker-java\3.2.12\docker-java-3.2.12.jar;C:\Users\rawam\.m2\repository\com\github\docker-java\docker-java-core\3.2.12\docker-java-core-3.2.12.jar;C:\Users\rawam\.m2\repository\com\github\docker-java\docker-java-api\3.2.12\docker-java-api-3.2.12.jar;C:\Users\rawam\.m2\repository\com\fasterxml\jackson\core\jackson-annotations\2.10.3\jackson-annotations-2.10.3.jar;C:\Users\rawam\.m2\repository\commons-io\commons-io\2.6\commons-io-2.6.jar;C:\Users\rawam\.m2\repository\commons-lang\commons-lang\2.6\commons-lang-2.6.jar;C:\Users\rawam\.m2\repository\com\fasterxml\jackson\core\jackson-databind\2.10.3\jackson-databind-2.10.3.jar;C:\Users\rawam\.m2\repository\com\fasterxml\jackson\core\jackson-core\2.10.3\jackson-core-2.10.3.jar;C:\Users\rawam\.m2\repository\com\github\docker-java\docker-java-transport-httpclient5\3.2.12\docker-java-transport-httpclient5-3.2.12.jar;C:\Users\rawam\.m2\repository\com\github\docker-java\docker-java-transport\3.2.12\docker-java-transport-3.2.12.jar;C:\Users\rawam\.m2\repository\org\apache\httpcomponents\client5\httpclient5\5.0.3\httpclient5-5.0.3.jar;C:\Users\rawam\.m2\repository\org\apache\httpcomponents\core5\httpcore5\5.0.2\httpcore5-5.0.2.jar;C:\Users\rawam\.m2\repository\net\java\dev\jna\jna\5.8.0\jna-5.8.0.jar;C:\Users\rawam\.m2\repository\com\google\guava\guava\30.1.1-jre\guava-30.1.1-jre.jar;C:\Users\rawam\.m2\repository\com\google\guava\failureaccess\1.0.1\failureaccess-1.0.1.jar;C:\Users\rawam\.m2\repository\com\google\guava\listenablefuture\9999.0-empty-to-avoid-conflict-with-guava\listenablefuture-9999.0-empty-to-avoid-conflict-with-guava.jar;C:\Users\rawam\.m2\repository\com\google\code\findbugs\jsr305\3.0.2\jsr305-3.0.2.jar;C:\Users\rawam\.m2\repository\org\checkerframework\checker-qual\3.8.0\checker-qual-3.8.0.jar;C:\Users\rawam\.m2\repository\com\google\errorprone\error_prone_annotations\2.5.1\error_prone_annotations-2.5.1.jar;C:\Users\rawam\.m2\repository\com\google\j2objc\j2objc-annotations\1.3\j2objc-annotations-1.3.jar;C:\Users\rawam\.m2\repository\org\brotli\dec\0.1.2\dec-0.1.2.jar;C:\Users\rawam\.m2\repository\org\seleniumhq\selenium\selenium-java\4.1.1\selenium-java-4.1.1.jar;C:\Users\rawam\.m2\repository\org\seleniumhq\selenium\selenium-api\4.1.1\selenium-api-4.1.1.jar;C:\Users\rawam\.m2\repository\org\seleniumhq\selenium\selenium-chrome-driver\4.1.1\selenium-chrome-driver-4.1.1.jar;C:\Users\rawam\.m2\repository\com\google\auto\service\auto-service-annotations\1.0.1\auto-service-annotations-1.0.1.jar;C:\Users\rawam\.m2\repository\com\google\auto\service\auto-service\1.0.1\auto-service-1.0.1.jar;C:\Users\rawam\.m2\repository\com\google\auto\auto-common\1.2\auto-common-1.2.jar;C:\Users\rawam\.m2\repository\org\seleniumhq\selenium\selenium-chromium-driver\4.1.1\selenium-chromium-driver-4.1.1.jar;C:\Users\rawam\.m2\repository\org\seleniumhq\selenium\selenium-json\4.1.1\selenium-json-4.1.1.jar;C:\Users\rawam\.m2\repository\org\seleniumhq\selenium\selenium-devtools-v85\4.1.1\selenium-devtools-v85-4.1.1.jar;C:\Users\rawam\.m2\repository\org\seleniumhq\selenium\selenium-devtools-v94\4.1.1\selenium-devtools-v94-4.1.1.jar;C:\Users\rawam\.m2\repository\org\seleniumhq\selenium\selenium-devtools-v95\4.1.1\selenium-devtools-v95-4.1.1.jar;C:\Users\rawam\.m2\repository\org\seleniumhq\selenium\selenium-devtools-v96\4.1.1\selenium-devtools-v96-4.1.1.jar;C:\Users\rawam\.m2\repository\org\seleniumhq\selenium\selenium-edge-driver\4.1.1\selenium-edge-driver-4.1.1.jar;C:\Users\rawam\.m2\repository\org\seleniumhq\selenium\selenium-firefox-driver\4.1.1\selenium-firefox-driver-4.1.1.jar;C:\Users\rawam\.m2\repository\org\seleniumhq\selenium\selenium-firefox-xpi-driver\4.1.1\selenium-firefox-xpi-driver-4.1.1.jar;C:\Users\rawam\.m2\repository\org\seleniumhq\selenium\selenium-ie-driver\4.1.1\selenium-ie-driver-4.1.1.jar;C:\Users\rawam\.m2\repository\org\seleniumhq\selenium\selenium-opera-driver\4.1.1\selenium-opera-driver-4.1.1.jar;C:\Users\rawam\.m2\repository\org\seleniumhq\selenium\selenium-remote-driver\4.1.1\selenium-remote-driver-4.1.1.jar;C:\Users\rawam\.m2\repository\io\netty\netty-buffer\4.1.70.Final\netty-buffer-4.1.70.Final.jar;C:\Users\rawam\.m2\repository\io\netty\netty-codec-http\4.1.70.Final\netty-codec-http-4.1.70.Final.jar;C:\Users\rawam\.m2\repository\io\netty\netty-codec\4.1.70.Final\netty-codec-4.1.70.Final.jar;C:\Users\rawam\.m2\repository\io\netty\netty-handler\4.1.70.Final\netty-handler-4.1.70.Final.jar;C:\Users\rawam\.m2\repository\io\netty\netty-common\4.1.70.Final\netty-common-4.1.70.Final.jar;C:\Users\rawam\.m2\repository\io\netty\netty-transport-classes-epoll\4.1.70.Final\netty-transport-classes-epoll-4.1.70.Final.jar;C:\Users\rawam\.m2\repository\io\netty\netty-transport-classes-kqueue\4.1.70.Final\netty-transport-classes-kqueue-4.1.70.Final.jar;C:\Users\rawam\.m2\repository\io\netty\netty-transport-native-unix-common\4.1.70.Final\netty-transport-native-unix-common-4.1.70.Final.jar;C:\Users\rawam\.m2\repository\io\netty\netty-transport\4.1.70.Final\netty-transport-4.1.70.Final.jar;C:\Users\rawam\.m2\repository\io\netty\netty-resolver\4.1.70.Final\netty-resolver-4.1.70.Final.jar;C:\Users\rawam\.m2\repository\io\opentelemetry\opentelemetry-api\1.9.1\opentelemetry-api-1.9.1.jar;C:\Users\rawam\.m2\repository\io\opentelemetry\opentelemetry-context\1.9.1\opentelemetry-context-1.9.1.jar;C:\Users\rawam\.m2\repository\io\opentelemetry\opentelemetry-exporter-logging\1.9.1\opentelemetry-exporter-logging-1.9.1.jar;C:\Users\rawam\.m2\repository\io\opentelemetry\opentelemetry-sdk-metrics\1.9.1-alpha\opentelemetry-sdk-metrics-1.9.1-alpha.jar;C:\Users\rawam\.m2\repository\io\opentelemetry\opentelemetry-sdk-logs\1.9.1-alpha\opentelemetry-sdk-logs-1.9.1-alpha.jar;C:\Users\rawam\.m2\repository\io\opentelemetry\opentelemetry-sdk-common\1.9.1\opentelemetry-sdk-common-1.9.1.jar;C:\Users\rawam\.m2\repository\io\opentelemetry\opentelemetry-sdk-extension-autoconfigure-spi\1.9.1\opentelemetry-sdk-extension-autoconfigure-spi-1.9.1.jar;C:\Users\rawam\.m2\repository\io\opentelemetry\opentelemetry-sdk-extension-autoconfigure\1.9.1-alpha\opentelemetry-sdk-extension-autoconfigure-1.9.1-alpha.jar;C:\Users\rawam\.m2\repository\io\opentelemetry\opentelemetry-sdk-trace\1.9.1\opentelemetry-sdk-trace-1.9.1.jar;C:\Users\rawam\.m2\repository\io\opentelemetry\opentelemetry-api-metrics\1.9.1-alpha\opentelemetry-api-metrics-1.9.1-alpha.jar;C:\Users\rawam\.m2\repository\io\opentelemetry\opentelemetry-sdk\1.9.1\opentelemetry-sdk-1.9.1.jar;C:\Users\rawam\.m2\repository\io\opentelemetry\opentelemetry-semconv\1.9.1-alpha\opentelemetry-semconv-1.9.1-alpha.jar;C:\Users\rawam\.m2\repository\io\ous\jtoml\2.0.0\jtoml-2.0.0.jar;C:\Users\rawam\.m2\repository\net\bytebuddy\byte-buddy\1.12.2\byte-buddy-1.12.2.jar;C:\Users\rawam\.m2\repository\org\apache\commons\commons-exec\1.3\commons-exec-1.3.jar;C:\Users\rawam\.m2\repository\org\asynchttpclient\async-http-client\2.12.3\async-http-client-2.12.3.jar;C:\Users\rawam\.m2\repository\org\asynchttpclient\async-http-client-netty-utils\2.12.3\async-http-client-netty-utils-2.12.3.jar;C:\Users\rawam\.m2\repository\io\netty\netty-codec-socks\4.1.60.Final\netty-codec-socks-4.1.60.Final.jar;C:\Users\rawam\.m2\repository\io\netty\netty-handler-proxy\4.1.60.Final\netty-handler-proxy-4.1.60.Final.jar;C:\Users\rawam\.m2\repository\io\netty\netty-transport-native-epoll\4.1.60.Final\netty-transport-native-epoll-4.1.60.Final-linux-x86_64.jar;C:\Users\rawam\.m2\repository\io\netty\netty-transport-native-kqueue\4.1.60.Final\netty-transport-native-kqueue-4.1.60.Final-osx-x86_64.jar;C:\Users\rawam\.m2\repository\com\typesafe\netty\netty-reactive-streams\2.0.4\netty-reactive-streams-2.0.4.jar;C:\Users\rawam\.m2\repository\com\sun\activation\jakarta.activation\1.2.2\jakarta.activation-1.2.2.jar;C:\Users\rawam\.m2\repository\org\seleniumhq\selenium\selenium-http\4.1.1\selenium-http-4.1.1.jar;C:\Users\rawam\.m2\repository\net\jodah\failsafe\2.4.4\failsafe-2.4.4.jar;C:\Users\rawam\.m2\repository\org\seleniumhq\selenium\selenium-safari-driver\4.1.1\selenium-safari-driver-4.1.1.jar;C:\Users\rawam\.m2\repository\org\seleniumhq\selenium\selenium-support\4.1.1\selenium-support-4.1.1.jar;C:\Users\rawam\.m2\repository\io\rest-assured\rest-assured\5.1.1\rest-assured-5.1.1.jar;C:\Users\rawam\.m2\repository\org\apache\groovy\groovy\4.0.1\groovy-4.0.1.jar;C:\Users\rawam\.m2\repository\org\apache\groovy\groovy-xml\4.0.1\groovy-xml-4.0.1.jar;C:\Users\rawam\.m2\repository\org\apache\httpcomponents\httpclient\4.5.13\httpclient-4.5.13.jar;C:\Users\rawam\.m2\repository\org\apache\httpcomponents\httpcore\4.4.13\httpcore-4.4.13.jar;C:\Users\rawam\.m2\repository\commons-logging\commons-logging\1.2\commons-logging-1.2.jar;C:\Users\rawam\.m2\repository\org\apache\httpcomponents\httpmime\4.5.13\httpmime-4.5.13.jar;C:\Users\rawam\.m2\repository\org\hamcrest\hamcrest\2.1\hamcrest-2.1.jar;C:\Users\rawam\.m2\repository\org\ccil\cowan\tagsoup\tagsoup\1.2.1\tagsoup-1.2.1.jar;C:\Users\rawam\.m2\repository\io\rest-assured\json-path\5.1.1\json-path-5.1.1.jar;C:\Users\rawam\.m2\repository\org\apache\groovy\groovy-json\4.0.1\groovy-json-4.0.1.jar;C:\Users\rawam\.m2\repository\io\rest-assured\rest-assured-common\5.1.1\rest-assured-common-5.1.1.jar;C:\Users\rawam\.m2\repository\io\rest-assured\xml-path\5.1.1\xml-path-5.1.1.jar;C:\Users\rawam\.m2\repository\org\apache\commons\commons-lang3\3.11\commons-lang3-3.11.jar;C:\Users\rawam\.m2\repository\org\testng\testng\7.4.0\testng-7.4.0.jar;C:\Users\rawam\.m2\repository\com\beust\jcommander\1.78\jcommander-1.78.jar;C:\Users\rawam\.m2\repository\org\webjars\jquery\3.5.1\jquery-3.5.1.jar;C:\Users\rawam\.m2\repository\com\aventstack\extentreports\5.0.6\extentreports-5.0.6.jar;C:\Users\rawam\.m2\repository\io\reactivex\rxjava3\rxjava\3.0.4\rxjava-3.0.4.jar;C:\Users\rawam\.m2\repository\org\reactivestreams\reactive-streams\1.0.3\reactive-streams-1.0.3.jar;C:\Users\rawam\.m2\repository\org\freemarker\freemarker\2.3.30\freemarker-2.3.30.jar;C:\Users\rawam\.m2\repository\org\projectlombok\lombok\1.18.12\lombok-1.18.12.jar;C:\Users\rawam\.m2\repository\org\apache\poi\poi\5.0.0\poi-5.0.0.jar;C:\Users\rawam\.m2\repository\org\slf4j\jcl-over-slf4j\1.7.30\jcl-over-slf4j-1.7.30.jar;C:\Users\rawam\.m2\repository\commons-codec\commons-codec\1.15\commons-codec-1.15.jar;C:\Users\rawam\.m2\repository\org\apache\commons\commons-collections4\4.4\commons-collections4-4.4.jar;C:\Users\rawam\.m2\repository\org\apache\commons\commons-math3\3.6.1\commons-math3-3.6.1.jar;C:\Users\rawam\.m2\repository\com\zaxxer\SparseBitSet\1.2\SparseBitSet-1.2.jar;C:\Users\rawam\.m2\repository\org\apache\poi\poi-ooxml\5.0.0\poi-ooxml-5.0.0.jar;C:\Users\rawam\.m2\repository\org\apache\poi\poi-ooxml-lite\5.0.0\poi-ooxml-lite-5.0.0.jar;C:\Users\rawam\.m2\repository\org\apache\xmlbeans\xmlbeans\4.0.0\xmlbeans-4.0.0.jar;C:\Users\rawam\.m2\repository\xml-apis\xml-apis\1.4.01\xml-apis-1.4.01.jar;C:\Users\rawam\.m2\repository\org\apache\commons\commons-compress\1.20\commons-compress-1.20.jar;C:\Users\rawam\.m2\repository\com\github\virtuald\curvesapi\1.06\curvesapi-1.06.jar;C:\Users\rawam\.m2\repository\org\bouncycastle\bcpkix-jdk15on\1.68\bcpkix-jdk15on-1.68.jar;C:\Users\rawam\.m2\repository\org\bouncycastle\bcprov-jdk15on\1.68\bcprov-jdk15on-1.68.jar;C:\Users\rawam\.m2\repository\org\apache\santuario\xmlsec\2.2.1\xmlsec-2.2.1.jar;C:\Users\rawam\.m2\repository\com\fasterxml\woodstox\woodstox-core\5.2.1\woodstox-core-5.2.1.jar;C:\Users\rawam\.m2\repository\org\codehaus\woodstox\stax2-api\4.2\stax2-api-4.2.jar;C:\Users\rawam\.m2\repository\org\apache\xmlgraphics\batik-all\1.13\batik-all-1.13.jar;C:\Users\rawam\.m2\repository\org\apache\xmlgraphics\batik-anim\1.13\batik-anim-1.13.jar;C:\Users\rawam\.m2\repository\org\apache\xmlgraphics\batik-shared-resources\1.13\batik-shared-resources-1.13.jar;C:\Users\rawam\.m2\repository\xml-apis\xml-apis-ext\1.3.04\xml-apis-ext-1.3.04.jar;C:\Users\rawam\.m2\repository\org\apache\xmlgraphics\batik-awt-util\1.13\batik-awt-util-1.13.jar;C:\Users\rawam\.m2\repository\org\apache\xmlgraphics\xmlgraphics-commons\2.4\xmlgraphics-commons-2.4.jar;C:\Users\rawam\.m2\repository\org\apache\xmlgraphics\batik-bridge\1.13\batik-bridge-1.13.jar;C:\Users\rawam\.m2\repository\org\apache\xmlgraphics\batik-codec\1.13\batik-codec-1.13.jar;C:\Users\rawam\.m2\repository\org\apache\xmlgraphics\batik-constants\1.13\batik-constants-1.13.jar;C:\Users\rawam\.m2\repository\org\apache\xmlgraphics\batik-css\1.13\batik-css-1.13.jar;C:\Users\rawam\.m2\repository\org\apache\xmlgraphics\batik-dom\1.13\batik-dom-1.13.jar;C:\Users\rawam\.m2\repository\xalan\xalan\2.7.2\xalan-2.7.2.jar;C:\Users\rawam\.m2\repository\xalan\serializer\2.7.2\serializer-2.7.2.jar;C:\Users\rawam\.m2\repository\org\apache\xmlgraphics\batik-ext\1.13\batik-ext-1.13.jar;C:\Users\rawam\.m2\repository\org\apache\xmlgraphics\batik-extension\1.13\batik-extension-1.13.jar;C:\Users\rawam\.m2\repository\org\apache\xmlgraphics\batik-gui-util\1.13\batik-gui-util-1.13.jar;C:\Users\rawam\.m2\repository\org\apache\xmlgraphics\batik-gvt\1.13\batik-gvt-1.13.jar;C:\Users\rawam\.m2\repository\org\apache\xmlgraphics\batik-i18n\1.13\batik-i18n-1.13.jar;C:\Users\rawam\.m2\repository\org\apache\xmlgraphics\batik-parser\1.13\batik-parser-1.13.jar;C:\Users\rawam\.m2\repository\org\apache\xmlgraphics\batik-rasterizer-ext\1.13\batik-rasterizer-ext-1.13.jar;C:\Users\rawam\.m2\repository\org\apache\xmlgraphics\batik-rasterizer\1.13\batik-rasterizer-1.13.jar;C:\Users\rawam\.m2\repository\org\apache\xmlgraphics\batik-script\1.13\batik-script-1.13.jar;C:\Users\rawam\.m2\repository\org\apache\xmlgraphics\batik-slideshow\1.13\batik-slideshow-1.13.jar;C:\Users\rawam\.m2\repository\org\apache\xmlgraphics\batik-squiggle-ext\1.13\batik-squiggle-ext-1.13.jar;C:\Users\rawam\.m2\repository\org\apache\xmlgraphics\batik-squiggle\1.13\batik-squiggle-1.13.jar;C:\Users\rawam\.m2\repository\org\apache\xmlgraphics\batik-svg-dom\1.13\batik-svg-dom-1.13.jar;C:\Users\rawam\.m2\repository\org\apache\xmlgraphics\batik-svgbrowser\1.13\batik-svgbrowser-1.13.jar;C:\Users\rawam\.m2\repository\org\apache\xmlgraphics\batik-svggen\1.13\batik-svggen-1.13.jar;C:\Users\rawam\.m2\repository\org\apache\xmlgraphics\batik-svgpp\1.13\batik-svgpp-1.13.jar;C:\Users\rawam\.m2\repository\org\apache\xmlgraphics\batik-svgrasterizer\1.13\batik-svgrasterizer-1.13.jar;C:\Users\rawam\.m2\repository\org\apache\xmlgraphics\batik-swing\1.13\batik-swing-1.13.jar;C:\Users\rawam\.m2\repository\org\apache\xmlgraphics\batik-transcoder\1.13\batik-transcoder-1.13.jar;C:\Users\rawam\.m2\repository\org\apache\xmlgraphics\batik-util\1.13\batik-util-1.13.jar;C:\Users\rawam\.m2\repository\org\apache\xmlgraphics\batik-ttf2svg\1.13\batik-ttf2svg-1.13.jar;C:\Users\rawam\.m2\repository\org\apache\xmlgraphics\batik-xml\1.13\batik-xml-1.13.jar;C:\Users\rawam\.m2\repository\de\rototor\pdfbox\graphics2d\0.30\graphics2d-0.30.jar;C:\Users\rawam\.m2\repository\org\apache\pdfbox\pdfbox\2.0.22\pdfbox-2.0.22.jar;C:\Users\rawam\.m2\repository\org\apache\pdfbox\fontbox\2.0.22\fontbox-2.0.22.jar;"/>
    <property name="java.vm.vendor" value="Oracle Corporation"/>
    <property name="sun.arch.data.model" value="64"/>
    <property name="user.variant" value=""/>
    <property name="java.vendor.url" value="http://java.oracle.com/"/>
    <property name="user.timezone" value="America/New_York"/>
    <property name="java.vm.specification.version" value="1.8"/>
    <property name="os.name" value="Windows 10"/>
    <property name="user.country" value="US"/>
    <property name="sun.java.launcher" value="SUN_STANDARD"/>
    <property name="sun.boot.library.path" value="C:\Program Files\Java\jdk1.8.0_291\jre\bin"/>
    <property name="sun.java.command" value="C:\Users\rawam\AppData\Local\Temp\surefire342473633379531465\surefirebooter-20221004214710266_3.jar C:\Users\rawam\AppData\Local\Temp\surefire342473633379531465 2022-10-04T21-47-08_167-jvmRun1 surefire-20221004214710266_1tmp surefire_0-20221004214710266_2tmp"/>
    <property name="surefire.test.class.path" value="C:\Users\rawam\eclipse-workspace\HybridFramework\target\test-classes;C:\Users\rawam\eclipse-workspace\HybridFramework\target\classes;C:\Users\rawam\.m2\repository\io\github\bonigarcia\webdrivermanager\5.0.3\webdrivermanager-5.0.3.jar;C:\Users\rawam\.m2\repository\org\slf4j\slf4j-api\1.7.32\slf4j-api-1.7.32.jar;C:\Users\rawam\.m2\repository\com\google\code\gson\gson\2.8.8\gson-2.8.8.jar;C:\Users\rawam\.m2\repository\org\jsoup\jsoup\1.14.2\jsoup-1.14.2.jar;C:\Users\rawam\.m2\repository\com\github\docker-java\docker-java\3.2.12\docker-java-3.2.12.jar;C:\Users\rawam\.m2\repository\com\github\docker-java\docker-java-core\3.2.12\docker-java-core-3.2.12.jar;C:\Users\rawam\.m2\repository\com\github\docker-java\docker-java-api\3.2.12\docker-java-api-3.2.12.jar;C:\Users\rawam\.m2\repository\com\fasterxml\jackson\core\jackson-annotations\2.10.3\jackson-annotations-2.10.3.jar;C:\Users\rawam\.m2\repository\commons-io\commons-io\2.6\commons-io-2.6.jar;C:\Users\rawam\.m2\repository\commons-lang\commons-lang\2.6\commons-lang-2.6.jar;C:\Users\rawam\.m2\repository\com\fasterxml\jackson\core\jackson-databind\2.10.3\jackson-databind-2.10.3.jar;C:\Users\rawam\.m2\repository\com\fasterxml\jackson\core\jackson-core\2.10.3\jackson-core-2.10.3.jar;C:\Users\rawam\.m2\repository\com\github\docker-java\docker-java-transport-httpclient5\3.2.12\docker-java-transport-httpclient5-3.2.12.jar;C:\Users\rawam\.m2\repository\com\github\docker-java\docker-java-transport\3.2.12\docker-java-transport-3.2.12.jar;C:\Users\rawam\.m2\repository\org\apache\httpcomponents\client5\httpclient5\5.0.3\httpclient5-5.0.3.jar;C:\Users\rawam\.m2\repository\org\apache\httpcomponents\core5\httpcore5\5.0.2\httpcore5-5.0.2.jar;C:\Users\rawam\.m2\repository\net\java\dev\jna\jna\5.8.0\jna-5.8.0.jar;C:\Users\rawam\.m2\repository\com\google\guava\guava\30.1.1-jre\guava-30.1.1-jre.jar;C:\Users\rawam\.m2\repository\com\google\guava\failureaccess\1.0.1\failureaccess-1.0.1.jar;C:\Users\rawam\.m2\repository\com\google\guava\listenablefuture\9999.0-empty-to-avoid-conflict-with-guava\listenablefuture-9999.0-empty-to-avoid-conflict-with-guava.jar;C:\Users\rawam\.m2\repository\com\google\code\findbugs\jsr305\3.0.2\jsr305-3.0.2.jar;C:\Users\rawam\.m2\repository\org\checkerframework\checker-qual\3.8.0\checker-qual-3.8.0.jar;C:\Users\rawam\.m2\repository\com\google\errorprone\error_prone_annotations\2.5.1\error_prone_annotations-2.5.1.jar;C:\Users\rawam\.m2\repository\com\google\j2objc\j2objc-annotations\1.3\j2objc-annotations-1.3.jar;C:\Users\rawam\.m2\repository\org\brotli\dec\0.1.2\dec-0.1.2.jar;C:\Users\rawam\.m2\repository\org\seleniumhq\selenium\selenium-java\4.1.1\selenium-java-4.1.1.jar;C:\Users\rawam\.m2\repository\org\seleniumhq\selenium\selenium-api\4.1.1\selenium-api-4.1.1.jar;C:\Users\rawam\.m2\repository\org\seleniumhq\selenium\selenium-chrome-driver\4.1.1\selenium-chrome-driver-4.1.1.jar;C:\Users\rawam\.m2\repository\com\google\auto\service\auto-service-annotations\1.0.1\auto-service-annotations-1.0.1.jar;C:\Users\rawam\.m2\repository\com\google\auto\service\auto-service\1.0.1\auto-service-1.0.1.jar;C:\Users\rawam\.m2\repository\com\google\auto\auto-common\1.2\auto-common-1.2.jar;C:\Users\rawam\.m2\repository\org\seleniumhq\selenium\selenium-chromium-driver\4.1.1\selenium-chromium-driver-4.1.1.jar;C:\Users\rawam\.m2\repository\org\seleniumhq\selenium\selenium-json\4.1.1\selenium-json-4.1.1.jar;C:\Users\rawam\.m2\repository\org\seleniumhq\selenium\selenium-devtools-v85\4.1.1\selenium-devtools-v85-4.1.1.jar;C:\Users\rawam\.m2\repository\org\seleniumhq\selenium\selenium-devtools-v94\4.1.1\selenium-devtools-v94-4.1.1.jar;C:\Users\rawam\.m2\repository\org\seleniumhq\selenium\selenium-devtools-v95\4.1.1\selenium-devtools-v95-4.1.1.jar;C:\Users\rawam\.m2\repository\org\seleniumhq\selenium\selenium-devtools-v96\4.1.1\selenium-devtools-v96-4.1.1.jar;C:\Users\rawam\.m2\repository\org\seleniumhq\selenium\selenium-edge-driver\4.1.1\selenium-edge-driver-4.1.1.jar;C:\Users\rawam\.m2\repository\org\seleniumhq\selenium\selenium-firefox-driver\4.1.1\selenium-firefox-driver-4.1.1.jar;C:\Users\rawam\.m2\repository\org\seleniumhq\selenium\selenium-firefox-xpi-driver\4.1.1\selenium-firefox-xpi-driver-4.1.1.jar;C:\Users\rawam\.m2\repository\org\seleniumhq\selenium\selenium-ie-driver\4.1.1\selenium-ie-driver-4.1.1.jar;C:\Users\rawam\.m2\repository\org\seleniumhq\selenium\selenium-opera-driver\4.1.1\selenium-opera-driver-4.1.1.jar;C:\Users\rawam\.m2\repository\org\seleniumhq\selenium\selenium-remote-driver\4.1.1\selenium-remote-driver-4.1.1.jar;C:\Users\rawam\.m2\repository\io\netty\netty-buffer\4.1.70.Final\netty-buffer-4.1.70.Final.jar;C:\Users\rawam\.m2\repository\io\netty\netty-codec-http\4.1.70.Final\netty-codec-http-4.1.70.Final.jar;C:\Users\rawam\.m2\repository\io\netty\netty-codec\4.1.70.Final\netty-codec-4.1.70.Final.jar;C:\Users\rawam\.m2\repository\io\netty\netty-handler\4.1.70.Final\netty-handler-4.1.70.Final.jar;C:\Users\rawam\.m2\repository\io\netty\netty-common\4.1.70.Final\netty-common-4.1.70.Final.jar;C:\Users\rawam\.m2\repository\io\netty\netty-transport-classes-epoll\4.1.70.Final\netty-transport-classes-epoll-4.1.70.Final.jar;C:\Users\rawam\.m2\repository\io\netty\netty-transport-classes-kqueue\4.1.70.Final\netty-transport-classes-kqueue-4.1.70.Final.jar;C:\Users\rawam\.m2\repository\io\netty\netty-transport-native-unix-common\4.1.70.Final\netty-transport-native-unix-common-4.1.70.Final.jar;C:\Users\rawam\.m2\repository\io\netty\netty-transport\4.1.70.Final\netty-transport-4.1.70.Final.jar;C:\Users\rawam\.m2\repository\io\netty\netty-resolver\4.1.70.Final\netty-resolver-4.1.70.Final.jar;C:\Users\rawam\.m2\repository\io\opentelemetry\opentelemetry-api\1.9.1\opentelemetry-api-1.9.1.jar;C:\Users\rawam\.m2\repository\io\opentelemetry\opentelemetry-context\1.9.1\opentelemetry-context-1.9.1.jar;C:\Users\rawam\.m2\repository\io\opentelemetry\opentelemetry-exporter-logging\1.9.1\opentelemetry-exporter-logging-1.9.1.jar;C:\Users\rawam\.m2\repository\io\opentelemetry\opentelemetry-sdk-metrics\1.9.1-alpha\opentelemetry-sdk-metrics-1.9.1-alpha.jar;C:\Users\rawam\.m2\repository\io\opentelemetry\opentelemetry-sdk-logs\1.9.1-alpha\opentelemetry-sdk-logs-1.9.1-alpha.jar;C:\Users\rawam\.m2\repository\io\opentelemetry\opentelemetry-sdk-common\1.9.1\opentelemetry-sdk-common-1.9.1.jar;C:\Users\rawam\.m2\repository\io\opentelemetry\opentelemetry-sdk-extension-autoconfigure-spi\1.9.1\opentelemetry-sdk-extension-autoconfigure-spi-1.9.1.jar;C:\Users\rawam\.m2\repository\io\opentelemetry\opentelemetry-sdk-extension-autoconfigure\1.9.1-alpha\opentelemetry-sdk-extension-autoconfigure-1.9.1-alpha.jar;C:\Users\rawam\.m2\repository\io\opentelemetry\opentelemetry-sdk-trace\1.9.1\opentelemetry-sdk-trace-1.9.1.jar;C:\Users\rawam\.m2\repository\io\opentelemetry\opentelemetry-api-metrics\1.9.1-alpha\opentelemetry-api-metrics-1.9.1-alpha.jar;C:\Users\rawam\.m2\repository\io\opentelemetry\opentelemetry-sdk\1.9.1\opentelemetry-sdk-1.9.1.jar;C:\Users\rawam\.m2\repository\io\opentelemetry\opentelemetry-semconv\1.9.1-alpha\opentelemetry-semconv-1.9.1-alpha.jar;C:\Users\rawam\.m2\repository\io\ous\jtoml\2.0.0\jtoml-2.0.0.jar;C:\Users\rawam\.m2\repository\net\bytebuddy\byte-buddy\1.12.2\byte-buddy-1.12.2.jar;C:\Users\rawam\.m2\repository\org\apache\commons\commons-exec\1.3\commons-exec-1.3.jar;C:\Users\rawam\.m2\repository\org\asynchttpclient\async-http-client\2.12.3\async-http-client-2.12.3.jar;C:\Users\rawam\.m2\repository\org\asynchttpclient\async-http-client-netty-utils\2.12.3\async-http-client-netty-utils-2.12.3.jar;C:\Users\rawam\.m2\repository\io\netty\netty-codec-socks\4.1.60.Final\netty-codec-socks-4.1.60.Final.jar;C:\Users\rawam\.m2\repository\io\netty\netty-handler-proxy\4.1.60.Final\netty-handler-proxy-4.1.60.Final.jar;C:\Users\rawam\.m2\repository\io\netty\netty-transport-native-epoll\4.1.60.Final\netty-transport-native-epoll-4.1.60.Final-linux-x86_64.jar;C:\Users\rawam\.m2\repository\io\netty\netty-transport-native-kqueue\4.1.60.Final\netty-transport-native-kqueue-4.1.60.Final-osx-x86_64.jar;C:\Users\rawam\.m2\repository\com\typesafe\netty\netty-reactive-streams\2.0.4\netty-reactive-streams-2.0.4.jar;C:\Users\rawam\.m2\repository\com\sun\activation\jakarta.activation\1.2.2\jakarta.activation-1.2.2.jar;C:\Users\rawam\.m2\repository\org\seleniumhq\selenium\selenium-http\4.1.1\selenium-http-4.1.1.jar;C:\Users\rawam\.m2\repository\net\jodah\failsafe\2.4.4\failsafe-2.4.4.jar;C:\Users\rawam\.m2\repository\org\seleniumhq\selenium\selenium-safari-driver\4.1.1\selenium-safari-driver-4.1.1.jar;C:\Users\rawam\.m2\repository\org\seleniumhq\selenium\selenium-support\4.1.1\selenium-support-4.1.1.jar;C:\Users\rawam\.m2\repository\io\rest-assured\rest-assured\5.1.1\rest-assured-5.1.1.jar;C:\Users\rawam\.m2\repository\org\apache\groovy\groovy\4.0.1\groovy-4.0.1.jar;C:\Users\rawam\.m2\repository\org\apache\groovy\groovy-xml\4.0.1\groovy-xml-4.0.1.jar;C:\Users\rawam\.m2\repository\org\apache\httpcomponents\httpclient\4.5.13\httpclient-4.5.13.jar;C:\Users\rawam\.m2\repository\org\apache\httpcomponents\httpcore\4.4.13\httpcore-4.4.13.jar;C:\Users\rawam\.m2\repository\commons-logging\commons-logging\1.2\commons-logging-1.2.jar;C:\Users\rawam\.m2\repository\org\apache\httpcomponents\httpmime\4.5.13\httpmime-4.5.13.jar;C:\Users\rawam\.m2\repository\org\hamcrest\hamcrest\2.1\hamcrest-2.1.jar;C:\Users\rawam\.m2\repository\org\ccil\cowan\tagsoup\tagsoup\1.2.1\tagsoup-1.2.1.jar;C:\Users\rawam\.m2\repository\io\rest-assured\json-path\5.1.1\json-path-5.1.1.jar;C:\Users\rawam\.m2\repository\org\apache\groovy\groovy-json\4.0.1\groovy-json-4.0.1.jar;C:\Users\rawam\.m2\repository\io\rest-assured\rest-assured-common\5.1.1\rest-assured-common-5.1.1.jar;C:\Users\rawam\.m2\repository\io\rest-assured\xml-path\5.1.1\xml-path-5.1.1.jar;C:\Users\rawam\.m2\repository\org\apache\commons\commons-lang3\3.11\commons-lang3-3.11.jar;C:\Users\rawam\.m2\repository\org\testng\testng\7.4.0\testng-7.4.0.jar;C:\Users\rawam\.m2\repository\com\beust\jcommander\1.78\jcommander-1.78.jar;C:\Users\rawam\.m2\repository\org\webjars\jquery\3.5.1\jquery-3.5.1.jar;C:\Users\rawam\.m2\repository\com\aventstack\extentreports\5.0.6\extentreports-5.0.6.jar;C:\Users\rawam\.m2\repository\io\reactivex\rxjava3\rxjava\3.0.4\rxjava-3.0.4.jar;C:\Users\rawam\.m2\repository\org\reactivestreams\reactive-streams\1.0.3\reactive-streams-1.0.3.jar;C:\Users\rawam\.m2\repository\org\freemarker\freemarker\2.3.30\freemarker-2.3.30.jar;C:\Users\rawam\.m2\repository\org\projectlombok\lombok\1.18.12\lombok-1.18.12.jar;C:\Users\rawam\.m2\repository\org\apache\poi\poi\5.0.0\poi-5.0.0.jar;C:\Users\rawam\.m2\repository\org\slf4j\jcl-over-slf4j\1.7.30\jcl-over-slf4j-1.7.30.jar;C:\Users\rawam\.m2\repository\commons-codec\commons-codec\1.15\commons-codec-1.15.jar;C:\Users\rawam\.m2\repository\org\apache\commons\commons-collections4\4.4\commons-collections4-4.4.jar;C:\Users\rawam\.m2\repository\org\apache\commons\commons-math3\3.6.1\commons-math3-3.6.1.jar;C:\Users\rawam\.m2\repository\com\zaxxer\SparseBitSet\1.2\SparseBitSet-1.2.jar;C:\Users\rawam\.m2\repository\org\apache\poi\poi-ooxml\5.0.0\poi-ooxml-5.0.0.jar;C:\Users\rawam\.m2\repository\org\apache\poi\poi-ooxml-lite\5.0.0\poi-ooxml-lite-5.0.0.jar;C:\Users\rawam\.m2\repository\org\apache\xmlbeans\xmlbeans\4.0.0\xmlbeans-4.0.0.jar;C:\Users\rawam\.m2\repository\xml-apis\xml-apis\1.4.01\xml-apis-1.4.01.jar;C:\Users\rawam\.m2\repository\org\apache\commons\commons-compress\1.20\commons-compress-1.20.jar;C:\Users\rawam\.m2\repository\com\github\virtuald\curvesapi\1.06\curvesapi-1.06.jar;C:\Users\rawam\.m2\repository\org\bouncycastle\bcpkix-jdk15on\1.68\bcpkix-jdk15on-1.68.jar;C:\Users\rawam\.m2\repository\org\bouncycastle\bcprov-jdk15on\1.68\bcprov-jdk15on-1.68.jar;C:\Users\rawam\.m2\repository\org\apache\santuario\xmlsec\2.2.1\xmlsec-2.2.1.jar;C:\Users\rawam\.m2\repository\com\fasterxml\woodstox\woodstox-core\5.2.1\woodstox-core-5.2.1.jar;C:\Users\rawam\.m2\repository\org\codehaus\woodstox\stax2-api\4.2\stax2-api-4.2.jar;C:\Users\rawam\.m2\repository\org\apache\xmlgraphics\batik-all\1.13\batik-all-1.13.jar;C:\Users\rawam\.m2\repository\org\apache\xmlgraphics\batik-anim\1.13\batik-anim-1.13.jar;C:\Users\rawam\.m2\repository\org\apache\xmlgraphics\batik-shared-resources\1.13\batik-shared-resources-1.13.jar;C:\Users\rawam\.m2\repository\xml-apis\xml-apis-ext\1.3.04\xml-apis-ext-1.3.04.jar;C:\Users\rawam\.m2\repository\org\apache\xmlgraphics\batik-awt-util\1.13\batik-awt-util-1.13.jar;C:\Users\rawam\.m2\repository\org\apache\xmlgraphics\xmlgraphics-commons\2.4\xmlgraphics-commons-2.4.jar;C:\Users\rawam\.m2\repository\org\apache\xmlgraphics\batik-bridge\1.13\batik-bridge-1.13.jar;C:\Users\rawam\.m2\repository\org\apache\xmlgraphics\batik-codec\1.13\batik-codec-1.13.jar;C:\Users\rawam\.m2\repository\org\apache\xmlgraphics\batik-constants\1.13\batik-constants-1.13.jar;C:\Users\rawam\.m2\repository\org\apache\xmlgraphics\batik-css\1.13\batik-css-1.13.jar;C:\Users\rawam\.m2\repository\org\apache\xmlgraphics\batik-dom\1.13\batik-dom-1.13.jar;C:\Users\rawam\.m2\repository\xalan\xalan\2.7.2\xalan-2.7.2.jar;C:\Users\rawam\.m2\repository\xalan\serializer\2.7.2\serializer-2.7.2.jar;C:\Users\rawam\.m2\repository\org\apache\xmlgraphics\batik-ext\1.13\batik-ext-1.13.jar;C:\Users\rawam\.m2\repository\org\apache\xmlgraphics\batik-extension\1.13\batik-extension-1.13.jar;C:\Users\rawam\.m2\repository\org\apache\xmlgraphics\batik-gui-util\1.13\batik-gui-util-1.13.jar;C:\Users\rawam\.m2\repository\org\apache\xmlgraphics\batik-gvt\1.13\batik-gvt-1.13.jar;C:\Users\rawam\.m2\repository\org\apache\xmlgraphics\batik-i18n\1.13\batik-i18n-1.13.jar;C:\Users\rawam\.m2\repository\org\apache\xmlgraphics\batik-parser\1.13\batik-parser-1.13.jar;C:\Users\rawam\.m2\repository\org\apache\xmlgraphics\batik-rasterizer-ext\1.13\batik-rasterizer-ext-1.13.jar;C:\Users\rawam\.m2\repository\org\apache\xmlgraphics\batik-rasterizer\1.13\batik-rasterizer-1.13.jar;C:\Users\rawam\.m2\repository\org\apache\xmlgraphics\batik-script\1.13\batik-script-1.13.jar;C:\Users\rawam\.m2\repository\org\apache\xmlgraphics\batik-slideshow\1.13\batik-slideshow-1.13.jar;C:\Users\rawam\.m2\repository\org\apache\xmlgraphics\batik-squiggle-ext\1.13\batik-squiggle-ext-1.13.jar;C:\Users\rawam\.m2\repository\org\apache\xmlgraphics\batik-squiggle\1.13\batik-squiggle-1.13.jar;C:\Users\rawam\.m2\repository\org\apache\xmlgraphics\batik-svg-dom\1.13\batik-svg-dom-1.13.jar;C:\Users\rawam\.m2\repository\org\apache\xmlgraphics\batik-svgbrowser\1.13\batik-svgbrowser-1.13.jar;C:\Users\rawam\.m2\repository\org\apache\xmlgraphics\batik-svggen\1.13\batik-svggen-1.13.jar;C:\Users\rawam\.m2\repository\org\apache\xmlgraphics\batik-svgpp\1.13\batik-svgpp-1.13.jar;C:\Users\rawam\.m2\repository\org\apache\xmlgraphics\batik-svgrasterizer\1.13\batik-svgrasterizer-1.13.jar;C:\Users\rawam\.m2\repository\org\apache\xmlgraphics\batik-swing\1.13\batik-swing-1.13.jar;C:\Users\rawam\.m2\repository\org\apache\xmlgraphics\batik-transcoder\1.13\batik-transcoder-1.13.jar;C:\Users\rawam\.m2\repository\org\apache\xmlgraphics\batik-util\1.13\batik-util-1.13.jar;C:\Users\rawam\.m2\repository\org\apache\xmlgraphics\batik-ttf2svg\1.13\batik-ttf2svg-1.13.jar;C:\Users\rawam\.m2\repository\org\apache\xmlgraphics\batik-xml\1.13\batik-xml-1.13.jar;C:\Users\rawam\.m2\repository\de\rototor\pdfbox\graphics2d\0.30\graphics2d-0.30.jar;C:\Users\rawam\.m2\repository\org\apache\pdfbox\pdfbox\2.0.22\pdfbox-2.0.22.jar;C:\Users\rawam\.m2\repository\org\apache\pdfbox\fontbox\2.0.22\fontbox-2.0.22.jar;"/>
    <property name="sun.cpu.endian" value="little"/>
    <property name="user.home" value="C:\Users\rawam"/>
    <property name="user.language" value="en"/>
    <property name="java.specification.vendor" value="Oracle Corporation"/>
    <property name="java.home" value="C:\Program Files\Java\jdk1.8.0_291\jre"/>
    <property name="basedir" value="C:\Users\rawam\eclipse-workspace\HybridFramework"/>
    <property name="file.separator" value="\"/>
    <property name="line.separator" value="&#10;"/>
    <property name="java.vm.specification.vendor" value="Oracle Corporation"/>
    <property name="java.specification.name" value="Java Platform API Specification"/>
    <property name="java.awt.graphicsenv" value="sun.awt.Win32GraphicsEnvironment"/>
    <property name="surefire.real.class.path" value="C:\Users\rawam\AppData\Local\Temp\surefire342473633379531465\surefirebooter-20221004214710266_3.jar"/>
    <property name="sun.boot.class.path" value="C:\Program Files\Java\jdk1.8.0_291\jre\lib\resources.jar;C:\Program Files\Java\jdk1.8.0_291\jre\lib\rt.jar;C:\Program Files\Java\jdk1.8.0_291\jre\lib\sunrsasign.jar;C:\Program Files\Java\jdk1.8.0_291\jre\lib\jsse.jar;C:\Program Files\Java\jdk1.8.0_291\jre\lib\jce.jar;C:\Program Files\Java\jdk1.8.0_291\jre\lib\charsets.jar;C:\Program Files\Java\jdk1.8.0_291\jre\lib\jfr.jar;C:\Program Files\Java\jdk1.8.0_291\jre\classes"/>
    <property name="user.script" value=""/>
    <property name="sun.management.compiler" value="HotSpot 64-Bit Tiered Compilers"/>
    <property name="java.runtime.version" value="1.8.0_291-b10"/>
    <property name="user.name" value="rawam"/>
    <property name="path.separator" value=";"/>
    <property name="os.version" value="10.0"/>
    <property name="java.endorsed.dirs" value="C:\Program Files\Java\jdk1.8.0_291\jre\lib\endorsed"/>
    <property name="java.runtime.name" value="Java(TM) SE Runtime Environment"/>
    <property name="file.encoding" value="Cp1252"/>
    <property name="sun.nio.ch.bugLevel" value=""/>
    <property name="java.vm.name" value="Java HotSpot(TM) 64-Bit Server VM"/>
    <property name="localRepository" value="C:\Users\rawam\.m2\repository"/>
    <property name="java.vendor.url.bug" value="http://bugreport.sun.com/bugreport/"/>
    <property name="java.io.tmpdir" value="C:\Users\rawam\AppData\Local\Temp\"/>
    <property name="java.version" value="1.8.0_291"/>
    <property name="user.dir" value="C:\Users\rawam\eclipse-workspace\HybridFramework"/>
    <property name="os.arch" value="amd64"/>
    <property name="java.vm.specification.name" value="Java Virtual Machine Specification"/>
    <property name="java.awt.printerjob" value="sun.awt.windows.WPrinterJob"/>
    <property name="sun.os.patch.level" value=""/>
    <property name="java.library.path" value="C:\Program Files\Java\jdk1.8.0_291\jre\bin;C:\WINDOWS\Sun\Java\bin;C:\WINDOWS\system32;C:\WINDOWS;C:\Program Files\Java\jdk1.8.0_291/bin;C:\Program Files\Java\jdk1.8.0_291/bin;C:\Python310\Scripts\;C:\Python310\;C:\Program Files (x86)\Common Files\Oracle\Java\javapath;C:\ProgramData\Oracle\Java\javapath;C:\Users\omerh\Downloads\apache-maven-3.5.0\bin;C:\Program Files\Java\jdk1.8.0_291\bin;C:\Program Files\Intel\WiFi\bin\;C:\Program Files\Common Files\Intel\WirelessCommon\;C:\WINDOWS\system32;C:\WINDOWS;C:\WINDOWS\System32\Wbem;C:\WINDOWS\System32\WindowsPowerShell\v1.0\;C:\WINDOWS\System32\OpenSSH\;C:\Program Files\NVIDIA Corporation\NVIDIA NvDLISR;C:\Java jdk 8\bin;C:\WINDOWS\system32;C:\WINDOWS;C:\WINDOWS\System32\Wbem;C:\WINDOWS\System32\WindowsPowerShell\v1.0\;C:\WINDOWS\System32\OpenSSH\;C:\Program Files\nodejs\;C:\ProgramData\chocolatey\bin;C:\Users\rawam\Downloads\apache-maven-3.8.6\bin;C:\Program Files\Git\bin;C:\Users\rawam\AppData\Local\Microsoft\WindowsApps;C:\Users\rawam\AppData\Roaming\npm;."/>
    <property name="java.vm.info" value="mixed mode"/>
    <property name="java.vendor" value="Oracle Corporation"/>
    <property name="java.vm.version" value="25.291-b10"/>
    <property name="java.ext.dirs" value="C:\Program Files\Java\jdk1.8.0_291\jre\lib\ext;C:\WINDOWS\Sun\Java\lib\ext"/>
    <property name="sun.io.unicode.encoding" value="UnicodeLittle"/>
    <property name="java.class.version" value="52.0"/>
  </properties>
  <testcase name="loginApp[ineuron@ineuron.ai, ineuron](1)" classname="testcases.LoginApplication" time="1.737">
    <system-out><![CDATA[LOG:INFO - No Report Object Found - Creating Report Object
LOG:INFO- Loading properties file first time 
LOG:INFO - Reusing existing object
*********** Loading Excel Data ****************
]]></system-out>
    <system-err><![CDATA[SLF4J: Failed to load class "org.slf4j.impl.StaticLoggerBinder".
SLF4J: Defaulting to no-operation (NOP) logger implementation
SLF4J: See http://www.slf4j.org/codes.html#StaticLoggerBinder for further details.
Starting ChromeDriver 105.0.5195.52 (412c95e518836d8a7d97250d62b29c2ae6a26a85-refs/branch-heads/5195@{#853}) on port 53699
Only local connections are allowed.
Please see https://chromedriver.chromium.org/security-considerations for suggestions on keeping ChromeDriver safe.
ChromeDriver was started successfully.
Oct 04, 2022 9:47:22 PM org.openqa.selenium.remote.ProtocolHandshake createSession
INFO: Detected dialect: W3C
Oct 04, 2022 9:47:23 PM org.openqa.selenium.devtools.CdpVersionFinder findNearestMatch
WARNING: Unable to find an exact match for CDP version 105, so returning the closest version found: a no-op implementation
Oct 04, 2022 9:47:23 PM org.openqa.selenium.devtools.CdpVersionFinder findNearestMatch
INFO: Unable to find CDP implementation matching 105.
Oct 04, 2022 9:47:23 PM org.openqa.selenium.chromium.ChromiumDriver lambda$new$3
WARNING: Unable to find version of CDP to use for . You may need to include a dependency on a specific version of the CDP using something similar to `org.seleniumhq.selenium:selenium-devtools-v86:4.1.1` where the version ("v86") matches the version of the chromium-based browser you're using and the version number of the artifact is the same as Selenium's.
]]></system-err>
  </testcase>
  <testcase name="loginApp[mukesh@gmail.com, rawa](2)" classname="testcases.LoginApplication" time="11.569">
    <failure message="no such element: Unable to locate element: {&quot;method&quot;:&quot;xpath&quot;,&quot;selector&quot;:&quot;//button[text()=&apos;Sign out&apos;]&quot;}&#10;  (Session info: chrome=105.0.5195.127)&#10;For documentation on this error, please visit: https://selenium.dev/exceptions/#no_such_element&#10;Build info: version: &apos;4.1.1&apos;, revision: &apos;e8fcc2cecf&apos;&#10;System info: host: &apos;DESKTOP-ST8JVAJ&apos;, ip: &apos;192.168.0.15&apos;, os.name: &apos;Windows 10&apos;, os.arch: &apos;amd64&apos;, os.version: &apos;10.0&apos;, java.version: &apos;1.8.0_291&apos;&#10;Driver info: org.openqa.selenium.chrome.ChromeDriver&#10;Command: [07b58ccac091d162a32b5e57513e7428, findElement {using=xpath, value=//button[text()=&apos;Sign out&apos;]}]&#10;Capabilities {acceptInsecureCerts: false, browserName: chrome, browserVersion: 105.0.5195.127, chrome: {chromedriverVersion: 105.0.5195.52 (412c95e51883..., userDataDir: C:\Users\rawam\AppData\Loca...}, goog:chromeOptions: {debuggerAddress: localhost:52832}, javascriptEnabled: true, networkConnectionEnabled: false, pageLoadStrategy: normal, platform: WINDOWS, platformName: WINDOWS, proxy: Proxy(), se:cdp: ws://localhost:52832/devtoo..., se:cdpVersion: 105.0.5195.127, setWindowRect: true, strictFileInteractability: false, timeouts: {implicit: 0, pageLoad: 300000, script: 30000}, unhandledPromptBehavior: dismiss and notify, webauthn:extension:credBlob: true, webauthn:extension:largeBlob: true, webauthn:virtualAuthenticators: true}&#10;Session ID: 07b58ccac091d162a32b5e57513e7428" type="org.openqa.selenium.NoSuchElementException"><![CDATA[org.openqa.selenium.NoSuchElementException: 
no such element: Unable to locate element: {"method":"xpath","selector":"//button[text()='Sign out']"}
  (Session info: chrome=105.0.5195.127)
For documentation on this error, please visit: https://selenium.dev/exceptions/#no_such_element
Build info: version: '4.1.1', revision: 'e8fcc2cecf'
System info: host: 'DESKTOP-ST8JVAJ', ip: '192.168.0.15', os.name: 'Windows 10', os.arch: 'amd64', os.version: '10.0', java.version: '1.8.0_291'
Driver info: org.openqa.selenium.chrome.ChromeDriver
Command: [07b58ccac091d162a32b5e57513e7428, findElement {using=xpath, value=//button[text()='Sign out']}]
Capabilities {acceptInsecureCerts: false, browserName: chrome, browserVersion: 105.0.5195.127, chrome: {chromedriverVersion: 105.0.5195.52 (412c95e51883..., userDataDir: C:\Users\rawam\AppData\Loca...}, goog:chromeOptions: {debuggerAddress: localhost:52832}, javascriptEnabled: true, networkConnectionEnabled: false, pageLoadStrategy: normal, platform: WINDOWS, platformName: WINDOWS, proxy: Proxy(), se:cdp: ws://localhost:52832/devtoo..., se:cdpVersion: 105.0.5195.127, setWindowRect: true, strictFileInteractability: false, timeouts: {implicit: 0, pageLoad: 300000, script: 30000}, unhandledPromptBehavior: dismiss and notify, webauthn:extension:credBlob: true, webauthn:extension:largeBlob: true, webauthn:virtualAuthenticators: true}
Session ID: 07b58ccac091d162a32b5e57513e7428
	at sun.reflect.NativeConstructorAccessorImpl.newInstance0(Native Method)
	at sun.reflect.NativeConstructorAccessorImpl.newInstance(NativeConstructorAccessorImpl.java:62)
	at sun.reflect.DelegatingConstructorAccessorImpl.newInstance(DelegatingConstructorAccessorImpl.java:45)
	at java.lang.reflect.Constructor.newInstance(Constructor.java:423)
	at org.openqa.selenium.remote.codec.w3c.W3CHttpResponseCodec.createException(W3CHttpResponseCodec.java:200)
	at org.openqa.selenium.remote.codec.w3c.W3CHttpResponseCodec.decode(W3CHttpResponseCodec.java:133)
	at org.openqa.selenium.remote.codec.w3c.W3CHttpResponseCodec.decode(W3CHttpResponseCodec.java:53)
	at org.openqa.selenium.remote.HttpCommandExecutor.execute(HttpCommandExecutor.java:184)
	at org.openqa.selenium.remote.service.DriverCommandExecutor.invokeExecute(DriverCommandExecutor.java:167)
	at org.openqa.selenium.remote.service.DriverCommandExecutor.execute(DriverCommandExecutor.java:142)
	at org.openqa.selenium.remote.RemoteWebDriver.execute(RemoteWebDriver.java:543)
	at org.openqa.selenium.remote.ElementLocation$ElementFinder$2.findElement(ElementLocation.java:162)
	at org.openqa.selenium.remote.ElementLocation.findElement(ElementLocation.java:60)
	at org.openqa.selenium.remote.RemoteWebDriver.findElement(RemoteWebDriver.java:367)
	at org.openqa.selenium.remote.RemoteWebDriver.findElement(RemoteWebDriver.java:359)
	at pages.DashboardPage.isLogoutDisplayed(DashboardPage.java:20)
	at testcases.LoginApplication.loginApp(LoginApplication.java:36)
	at sun.reflect.NativeMethodAccessorImpl.invoke0(Native Method)
	at sun.reflect.NativeMethodAccessorImpl.invoke(NativeMethodAccessorImpl.java:62)
	at sun.reflect.DelegatingMethodAccessorImpl.invoke(DelegatingMethodAccessorImpl.java:43)
	at java.lang.reflect.Method.invoke(Method.java:498)
	at org.testng.internal.MethodInvocationHelper.invokeMethod(MethodInvocationHelper.java:133)
	at org.testng.internal.TestInvoker.invokeMethod(TestInvoker.java:598)
	at org.testng.internal.TestInvoker.invokeTestMethod(TestInvoker.java:173)
	at org.testng.internal.MethodRunner.runInSequence(MethodRunner.java:46)
	at org.testng.internal.TestInvoker$MethodInvocationAgent.invoke(TestInvoker.java:824)
	at org.testng.internal.TestInvoker.invokeTestMethods(TestInvoker.java:146)
	at org.testng.internal.TestMethodWorker.invokeTestMethods(TestMethodWorker.java:146)
	at org.testng.internal.TestMethodWorker.run(TestMethodWorker.java:128)
	at java.util.ArrayList.forEach(ArrayList.java:1259)
	at org.testng.TestRunner.privateRun(TestRunner.java:794)
	at org.testng.TestRunner.run(TestRunner.java:596)
	at org.testng.SuiteRunner.runTest(SuiteRunner.java:377)
	at org.testng.SuiteRunner.runSequentially(SuiteRunner.java:371)
	at org.testng.SuiteRunner.privateRun(SuiteRunner.java:332)
	at org.testng.SuiteRunner.run(SuiteRunner.java:276)
	at org.testng.SuiteRunnerWorker.runSuite(SuiteRunnerWorker.java:53)
	at org.testng.SuiteRunnerWorker.run(SuiteRunnerWorker.java:96)
	at org.testng.TestNG.runSuitesSequentially(TestNG.java:1212)
	at org.testng.TestNG.runSuitesLocally(TestNG.java:1134)
	at org.testng.TestNG.runSuites(TestNG.java:1063)
	at org.testng.TestNG.run(TestNG.java:1031)
	at org.apache.maven.surefire.testng.TestNGExecutor.run(TestNGExecutor.java:324)
	at org.apache.maven.surefire.testng.TestNGXmlTestSuite.execute(TestNGXmlTestSuite.java:74)
	at org.apache.maven.surefire.testng.TestNGProvider.invoke(TestNGProvider.java:123)
	at org.apache.maven.surefire.booter.ForkedBooter.runSuitesInProcess(ForkedBooter.java:456)
	at org.apache.maven.surefire.booter.ForkedBooter.execute(ForkedBooter.java:169)
	at org.apache.maven.surefire.booter.ForkedBooter.run(ForkedBooter.java:595)
	at org.apache.maven.surefire.booter.ForkedBooter.main(ForkedBooter.java:581)
]]></failure>
    <system-out><![CDATA[Base 64 data is iVBORw0KGgoAAAANSUhEUgAAB4AAAAOcCAYAAACv+aw1AAAAAXNSR0IArs4c6QAAIABJREFUeJzs3X2cVfV9L/rPngEGEAYoQkAZFZ2aKtokpB4dzk1CPDcxbTSnkchpILHVeNKmSZtUTWJ8iDGiNYmm2mptzrGxjQV7NHgStW2M9yraXkePDXkQpLGjqEAgIEVGnkacmfvHPLBnz/MwMA++36/XfrHX2muv9dtrfLlmr898f99C8zPnNwcAAAAAAACAEa9sqAcAAAAAAAAAwOAQAAMAAAAAAACMEgJgAAAAAAAAgFFCAAwAAAAAAAAwSgiAAQAAAAAAAEYJATAAAAAAAADAKCEABgAAAAAAABglBMAAAAAAAAAAo8SYoR4AAINn1dNbhnoI/bLwtFlDPQQAAAAAABhVBMAAo8D3HtmQr/31mjz5s21DPZR++e0zq/LfPjA3v/Obxw31UAAAAAAAYFQQAAOMAo89vSVP/mxbFp72lqEeSr9875EN2dfQKAAGAAAAAIBBUmh+5vzmoR4EAAencOp3kiTNz5w/xCPpn5E6bgAAAAAAGK7KhnoAAAAAAAAAAAwOATAAAAAAAADAKCEABgAAAAAAABglBMAAtLv3hy/lvRc+lFtX/NtQDwUAAAAAABiAMUM9AACGj7/8+3/Lqqd/mVVP/zJP/mxb/vKqM1J5xNihHhYAAAAAANBHKoAB6NLyf1ifd3zkwXz3hy8N9VC61dBYslzfkLpNDalv7Hr7Dtu+2vdt37Qam7Jt896sfa4+Dz1dn7Xr92bDq01DPSoAAAAAAHqgAhiATh799vvzJ1//1/zk3/4j513yWD77sZNy8xdPG+phtatfvzVfvOalPFQ/IR//4q/m8tMrUrFvb+758zW5enUyf+lJ+fZvT0pleTc72L0nd31jba5fV57Fl87LDQsqDuv4h73dDVn12Jbc+ndbs3pf55dnzJ+VS357Zv7rKRVx5gAAAAAAhhcVwAB06V//1wfzB4tPTJLc8nfrcsaSf8zr+4dD9WdTdr5cn1X1SbI3tXUNLZXAjY3ZurNli9XLX8ytP93f/S4a38iG7UnSmK31TWk45GMeORq27sxN1/8sF97RdfibJNtWb8llX16TT31vlwpqAAAAAIBhRgAMQJfKywq5/aoz8rfX/1+ZVjkuTz3zSirm/10efGzjEI+sLDNPmZlL3leZ+afPymcWHNFFpe/e3HH7pty/eTgE1iNI/a7cdftzuW1dy2LFSTNy+aVvzQM3/3p+8jdvzw9vOinf/uSs1ExNkqaserI+G7oJiQEAAAAAGBqmgAagR+efc3x++71V+Z3PP55/+pdNOeczj+QzH/21/MXl/2nIxlQxvTIXfaoyF/W00fZt+eJ3JuaEz8zMvCMO18hGsqas/ZdNuf6nLUvVv1Wdv/zYtFSPP7BFZeXYVM+dlIXvOjK1q/ek/qjKVDu3AAAAjAKv72rK66UrywqZNLEwFMNJkry+pykZX5ZxyrgA6CcBMAC9qpw0Nv94+3/J7f/r5/nDZU/l1rv/LWPKC/mzIewLXL9pV9buG5v5x1WkorQCuHJsUr8/DU+9lKurJ/bcD7gbDa/uzdoX9qRue1NyREXmv3VSqqeXlWyzJ7XPNKTyrVMyf2bJt7HGxtSteTXPl0/KwpMOjLFh866serkpJ59Smarxjdnw8u48u74hmT01C08ae6Cn7u6GrH52V+pebUrGj8u86kmZN7uLD7F7b2p/ui8V1S1jqN+6J2t/vjsb9iXjZ05KzckTMmNsHz5w/Z784P+tb3l+9Mxc/uGO4W8HR0xIzbsmdF6/vzF1dfVZvfGNpHxMquZOzLxjKjqf+/37s3p1feqPrEzNCWNL+gg3Zdvzr6X2lfLUzJ/UPva+nrf6Tbuyum5vtr6e5IiKzKs+IvNmdvPD37c/dev35NmNr2df+ZhUv3VS5h1dOp5WjY3Z8OKu/PiF17MvyfiZR+Qdc8enqtK3cAAAgBGv/rVc/vmtea5qXIq/+m/f0pCG44/MX3xqak7s8sviIGlqzq79hUwqPkb9a7n8879MfndublzQz5saALzpCYAB6JPV6/4jN/3ts+3Lv/Nbc4dsLA2bt+fLl72Q+3dPyEVXvzWXv61jwjn/g8fm/F2/yOce2NPSD3juW3P5/L6koEn2NWTV/34pn7t3Z+o7vFCehUurc82HKlM1Nknj/tR+ty4X/mNDKt9zfB74w+kt61vVP//L/Mk1m7I2lbnm5l/Nx48pS/btyV23r8v1a5Lq98zK/M1bcs9zrW84elaWX1eVmgn7U/vwhlx9x/bUlQxtxulH5+YLZqWmLWxubMzq+1/I0nv3JCfOzEWzd+WOx/Z0fNPsGbnh0qosntvzl8WG7btSu77l+bwF0zN/at9OV4umbFi9JdffvikPbS956ejpueYPq7K4PaRtyoYnN2Tpn21Pw+yZ+fZ1x2Zh8bFefS23fvO53LW5LB/6k1PytXdVpKIv561pV+6684Vc/c+dOzpXv+fY3PC7R2b+1APnre6JX+SyW7dkdUmr6Kp3HZs/u2Bmh89fv35brr/1xdyzvnTPY3PW0rm5/INTUtVdWA4AAMDw19icZEI++emjcva0ovVNjXns7zfm9+8akwcumpRJh+jw2//P5nzo6Um5/48qM71tZeXkfOnycUmV8BeA/lO2AkCvbvybtXnn4gfz/IbX8p/fMTNNPzs/p5965NANaH9jtu1OkoZsrW9Kp8hvbEUWfvjYXHJK0q9+wPsbcv+dP8+FbeHvMZU56/RpWXhCeZLGrFr+8/zJ/btS39iyecPulvSwfvv+9nVtGnbuz9YkyRupbwsZG5uyc2/L07rHikLMTMhZ/2VKqsc1ZvX9dVnaHv5WZP78ylS3BsvbntqUpdduyKqtbZ+lKfW7Ww/83Nb28LfyhEmZ1xZIbt6Wy+74ZVZ3TLM72bpxT+sxx2be8V1U7fZg2+pN+cSyA+Fv9SlTUjO79cVN23P1FXW5Y82BpLVh9xstP7Md+1O/t+PPpWHvG9m6o+2ztb7W23kbszf33Plce/hbecKUnHX6tNQc0/ael3L1w3taA/2mrH14fc75s9bw94iJWXj6tJz1tompSLLhn1/K0m9tzdrdrYfYvjM3fa0t/C3LvLdNy1mnT2mdVnx/Hlr+Uu56tiRFBgAAYHQoK897zpya457em2cO5Ve/bm5ZTD+2ItPdwQdgAFQAA9Ctf3+pPn98w9P5wb9sSpLcevl/yqc/+mtDPKq+qZg6KRdddFzWXPFiHupTP+CmbHh6c657uCHJ2Cz+zIm5/D0TW4LQxsasfWR9lt6+I6tXbskPzjg+i2cd/Birzzw21yyanprWqZ3rn9+S65fvSpJULjg2yz85M/MqW45f9y8b8olbtmXDpq25/h+mZt75UzKjZH+Vp1fl9otmpmZ6WUuF8n11WXr3rmTdjjy66S2Z322q25SG3W+0BqRjMqM/0xq/Wp//+Z0tLeHx7Bm5+YtV+dAxrZ/nua354g0v5aFXd+Wmv9uWmquOyvxB6Blcet4aNm3LD55sTFKWsz55cm7+wIT2auNtz+3IPY/vS9XpE1KZpOHl7bn1OzvSkJY+x3/9sWnt1bvb1m3J5768IbVP/SJ3LZyWG04fmw0/35Hvb02SSbnkhhPz6RNbz2FjY9b+67Z8/+fl+UB1H6vLAQAAGHnGFjI5TXl9f5Id9bl8RXN+78JxqV3xSlb+e0W+dO3M1LyxLw+u2pkf/mxPntmaHHf8pCxafGTOPqqof/Cehjz4vVey8mf78mLGpea0qfnk2RX50e2/zINbXk/2NOTS63cmKcvC3zkqv3v8G3nwr7am4UNHZ9FRLbvY/vNXc+s/1eeJdW/kyGMnpuZ90/J776zIpLIuXj9pcj66aHrOrpIgA7wZ+b8/AF366/vqcsqH788P/mVTjpo5Mf/6vz44YsLfNhXHTM/ln5qRqqSlH/APdnWq1G23vyG1/7w925JUnH50LnrXxANVsOXlmXf6zHz8mCT7dubRn+/vXHXcX3Nn5ZqPzWwPMZPG1K3entVJMnZKLv/okS3hb+vxqxfMziVntgSNdU/syNpXS3dYmUsWt4a/SVI+NvN/Y1rmJ0n2ZcMrb/Qy5uYBfYxtL+zMQy8nydgsXjq7PfxNksoTj8wli6e0hLHP/UceXd/dye+HTuctSWNzGvYnSXmmdAivyzLjxOn59EVHt46rMXWrX8lD+5JMnZFLPjStw9TNM06cnvPPHJtkfx5dvSvbGpuSxtYK8/FjM+OIoi/u5eWZd/qsXH7+jMyvDAAAAKPUiz+uz4+OH58TJyapfz2PrduZa779Wia95y2589oZqZmYvPijV/PclMpc/Olj88D1x+b69yR/c8Mr+VFb1XDDvtz6tY1ZObYyV39xbh64claWTN6Tu9eU55xPHp0vnTU+Oe5X8qU/Pjp/8cez89HjCkka8+KP92ZzW6enDTvyx7ftyTsXz8kDtx+fOy+amtn/Xp8ftfwdebY/+Yt8ZMX+vH9JVR761vG5c/H4PHPHxvzthsN/zgAYeiqAAejkb773fP72/ueTJH+05Ndy46W/kXFjR+LfDJWl6vSjc81v786F3zvQD/iS47vYdPf+rF3fMudSw/pXcv0tO1urSFs1Nub5l5OkKRt/uT8NjRVd7KTvKo+ZlOrJRSv2v5G6F/a1PH9rZeaVzvE0dmzeceqkVDyyIw3b96auvqlj79xjJnZ+z7jyzBibZH/RdMrdqBjXFqi+0Totc1/mgG7K1k17siFJxk/KgrmllbBlqXprZeZnZ2qzN3Vb30hDDq5attN5S1IxdWIWnJjUPrc/99y4JmsXHJkPnDIp8351UuYfU5HKtkPufyPPr2/95vzqrnznzrp8r8PHbMq2upZv59u27s/O/WWpmjMpNeXbs2rfjlz2R8/mBx/4lbz3rUdkXvXEzJs1NhVaMQEAAIwS+7Pqoe35xcS25eZsXlefH24an4svr8zs9u0KOXvxzPaq3CQ57r2zcnHRnia9Y3IW/tUvs2ZL8s6qZPOTr+TuiUfmu+dNbt1PWU55/1tySuv20ysKydhCpk8q67bP8PYNe/PiGVPz/qPKMi5JZo7PoiWtf9XctC93r9if37vkqNTMbFk17qjJ+aOzd+ec/7Mvv1v8188AvCkIgAHopC38/R9X1+S/f+RXh3g0B6l8bBb+9rG5pG5dblrT0g/4lIundNqsYe/+7Gzr+7p1V1Zt7X6XFRPK+paP9mDKESVhbWPjgZD2iPIuevCWZfzksalMsi2N2bq7pGJ3bBdjKmtd12uforJMmTkh1dmRuuzP2vUNqZ/fcqweNTanYdcbLc/Hj0nFuC7+SGD82Mw4IsnuZFt9Y3KQAXCn85YklZPy8f9+XP79Gy/m/q1NWfvE1qx9ou0HODEf/9Sx+czCSZnR2JSd9W1B+N7UPrW32+NUjC8k5UnFMUfm8j/em21/tjVrszerfrApq37QutHR03P5RUfn42+ryMH9OQAAAADDzfTZR+SdJ1fmkuPHtU+x3GJCTj2q8/avb23IM9ubkl2v50eb9+WZ7M+pDUnSnBc37cvsX59RFCIPYDwnTU7N32/JpRVH5qNvG58Tq8ZletuX0a0N+VFDRd6/Z29+tK7oTTuT13/xerZnfKYfxLEBGHkEwAC0mzGt5S9C//M7ZubGS96ZM95W2mV2hKrs2A/4c3+5N1UlAW/FhDGZMj7J7qT6nONzw8IJXYd65YXMnDkhlb2kqvv2N/dvmujy8sysLEvSlOzYn/rX0ykr3be7sXWfhUwZ15+d965yzqTUzEzqtiarn65P3Qcm9d6vt7yQyimtv0rsfj079zWlU3eJ/Y2pbw3WK8YX0qumpjQMYKboyhNm5Oa/mJrP/HxXan9enx/9dGfuX9OQZE/uuv3n2Vl+cr72rrLWALkpOenofPt3p7ZUSHdSSOW0ilSNTZKyVL/r2Dwwf1ZWr6nP6p+/lidWb8+ql5Ns2p7rr9mffKM6F52gFBgAAGBkG5uFZ03P2dP6+76mPPa3L+YrWyflMwsn57hJ4/LOX23Oi3mt9fXmvL4nmTy7D9+JezJtcm68oSJr1u7Nqn/ellvX7M0rb31L/uaiyZm9v6n9aB0cPSV//tZxwl+ANyEBMADt7rnpPVn19JacdsqROWLC6LpEtPQD3p1nb9yWDZt2pVMLnPHjUj0nyfZk66vJjDkTWwPAbjQmGVeepCnZ21gSWjZm26bdqe/PAMvGZM7R45PsSV7ek7WvNmVecbVr4/48X7enZZ9HTEjV1IP84lhq8qR84F0Tc9fKPclzm3PrI1Nz829N7KISOUljYzY8vzf10ydm5ozxmZH6bNu/J6s3Nmbx0cUBcFO2vrSrpa9xKjJv5phUJAcqhfc1ZmdJjl7/y315vteK5W6MHZvqU6al+pRp+fii5Guv7sod31yXm9Y05aGnd+WSBb9y4Bxv359Mn5h5ff0WfERF5p8+I/NPn5GLzj8+9c9vzRe/8lIe2l2fR59tyMdPmKgKGAAA4M2ofnceeKIil1w/M2e3fcfc35zH2jcoy7EnVOS5f2/IrveO63KK54qK8mR/8npvx5o4LqecNi6nnDYln2l6PXff8HLufnZSLj5+bE7NroybNiHvnDVInwuAEW0kNnQE4BBaeNqsURf+tmjrBzyx65fHV6RmwbRUJKn/5w256eFd2VYcRDY2pu6pLbn+zi2p3d6UlJdlxpGtCfHz9al9+UACvG3dttz63T39G155earfPjXzkmTfjtxx/47UtU1JnaZsW7M1tz7QMmXxjAXT8o5pg3wJLy9PzQerctExLcdbdefaXHjnttRuLkq2GxuzYd323PT1Z/Key9blnG9uzdZZU/OBmUmyP/d8d0tWbT7Qa7hh887csXJ7S2h9zLS89/ixScoyfmpFqpIk9Xl0zb7Utx6iYevOfOeeLZ3D+V40bN6ZO+7ekoee39+h6rriiPLMaA3RG1o/Y/V/mp75SbJ1a66/Z1vWdkjpm7Lt+e257Y4Nueu5/Wk77zet3J7VWzv2UK6cOjZTWn/8A6lYBgAAYJSYNDbHVezLc5vavjc258XHXs3Kok2Oe/vU1Kz5j9z05IEbDbs2vJbHNrS0d5o0c1xm/7w+q37R/WG2r6lP7Zai76b7G7N9VyHjxheSiUdk0Qebc+vKnXmu6HbErpdey90/HuhfWQMwko3GO/wA0LUO/YBLXyxL9YKjcvnqnbn6qf25/451uf/+SVlYPTYVjU3ZuGZn1u5OkvLUv3VaahZUpHr+9NTcvSe12ZWbrngmj542KTP27slDa/o1+XO7yhNn5pJzduTCB/am7uEX8v4ntmThKRWp2F20zyOm5ZIPTmmpTh7s4HFqZT7zh8dmww0v5aFXk9X/+GKW/uOL3W5edWxFKmdNzkVLZ+QHf7Yt257fkgs/vT3zT5uUGdmf1U/vyrYkSUUWL56Z+VNb3jfj+Cn50NwtuW19suqOtTnnyWk5eULx9v3RlLp/3ZLr761P7t2QimMqc9bJk1I1dn/W/nR7Vr3cMi31WfMnZebYpOK4Gbl86Y58ZPmu1D38Ys55+JepOX18KsuT+o07U/tyy5fp6nFT8l+Pqcij/7Ahtz3VlNuWJ1WnTEtN9YRU7t6b2id2tP73MCkfOFkPYAAAgBGtoiyT0zrRV4/blWd2Rcc/EE7Z+Hzykum59M9fyFmTKnJUCjnxQ1Pyyel709D2t9vTJuf6y5pz07dfzn++szX0PX5KLr9ocsvrVVNz/aI9+aNr6nJrknEfnJNHP1TI5OmF9n1M/pWk9m9fzKVbx+TE6ckvtjTm1LPn5PrqJCnklLOPzo3/9Mtcetm2vDaxPON2NCbHT8kffbyrmmMARjsBMAAjz9jyVI5Psq88U44oaw3fytr74vbYa7a4H/DuslRMKKqkPWJiPv6pk1JR+UIue3hvsnVXVnXoFVyehefNzUXzW45YedyMXP7JPbnwf2zPtuzP6qd3tA0wNQsmZO0T9anPmFS0H6JojBMKnUPD8rFZ+NFfzbfHv5gL761Pdu/JqqeK/nR37ozc8IdVWXxMWfv+2sc/oTwVJV9UK8rLUjE+yb6yVB7Rt4rhyhNn5uYbxueuezbk+ke6qWIun5jFF1TlkvdVtvTQXVCV5SnkT/5sa9Z2OA9Jxk7KRZ89Lp85vSgknVqZ8y+oytqvbciq3cmGNTvaq36r5k9L5TM7snZ/8c+mp/NWlup3HZ1rXtqfqx/Zm4aX63P/y8VlveVZeN4JufxdrT2dy8sz/0PVWT7upXzuzh3Zlr2pfWpvhz1WLajKNR+YlMrxZfnAR47L2h0v5K7nWse5puSzfea4LNb/FwAAYGSbOClX3z6p9/kyq6bluzd3Xj3u2Kn585um5vU9Tcn4sowrS/KOyR32N+6oynzpysp8qaEpu8rKMqlD26lCTnz/0Xno/27Orn3JpIkt9zV+9/oTOrz/4i9W5uKm5uzak0yaVHLvo6w87/zgUbn/g8nru5qSia3jAOBNqdD8zPnNQz0IAA7OW8/5Xp57sT733PSezJg2MmoRt+1oyOJLHsusIydk86Pn9e/NjU3ZsG5Hfry7IjXzJ7WEkEm2Pb8ztRuTE94xJfMqezl+67Yn/8aUVB/R+fX6rbtSu2Zvtr7enKSQKdMm5OSTJqa6svO3p/rNu1K7rmXbinFjU33KlMyf1py1P3k1z2dCFs4/0Eu3/uWdWbW+KSe8bUrmTe3+m1jD1l1Z1Xb88kJmzp6U+W+d0P5Z27fbviurftqQirlTs3BuaRDZcp5qXxmbmtMqUzW+53PSaQzb92T1s7tTt7v1V4Xy8lTNmZh51Z3HkSTZ3ZDan9anrv7AOXvHKZNS1cX5TZKG+r1Z/dNdLfsvL09VdWVqjilP/fM78+jmsswv+tn05bzVb92T1et2Z8PelvG2/yxmdnOe6/emds2u1vEmFRMqUn3ipMyfXXIeG5uy7eVdqV2/LztbGzJVVI5Pzdsqu/1sAAAAAABDRQAMMArc/Hfr8idfe3qohzEgl33ilPzp5+YP9TAAAAAAAGBUMAU0wCiw9LfmZtyYstz7w+77tQ5Hn/3YyVl42luGehgAAAAAADBqqAAGAAAAAAAAGCW0gQcAAAAAAAAYJQTAAPToh0/8In/59z9P3cuvDfVQAAAAAACAXugBDECXnnrmlSz5wuN5YeOu9nVn/PqM1C7/zSEcFQAAAAAA0BMVwAB06bN/+n/ywsZdOf3UI/O5j52Ut//ar+TJn23LN7/z7FAPDQAAAAAA6IYKYIBR4H9897ls3rZ3UPf51DOvZOFpb8mj3z4rSfKjZ7fnN/7bP+TyW1bntd37B+04J58wNee9/9hB2x8AAAAAALyZFZqfOb95qAcBwMEpnPqdQ7LfR7/9/iw8bVb78nsvfCirnv7loB+n+ZnzB32fAAAAAADwZiQABhgFXvzFrry4aVfvG/bRpq178rHL/iW/fuK0fP8v3pvjjpqUVU9vyXsv/GF+be6U3H7V6YN2rOpjKjPnLRMHbX8AAAAAAPBmJgAGoEsfu+xfsvwfXkiSvP3XfiU/+bf/SJLcd/PCfPi/HDOUQwMAAAAAALqhBzAAXfrzL52WNxqb8r1HXs5P/u0/Mu+EqXnfgtnCXwAAAAAAGMZUAAPQo9f3N+XfX67PvBOmDvVQAAAAAACAXpQN9QAAGN7GjS0T/gIAAAAAwAghAAYAAAAAAAAYJQTAAAAAAAAAAKOEABgAAAAAAABglBAAAwAAAAAAAIwSAmAAAAAAAACAUUIADAAAAAAAADBKCIABAAAAAAAARgkBMAAAAAAAAMAoUWh+o745zc1Jih7Nza0vF69rWy7+t/R58WLJegAAAAAAAABaFTr802l9h+eF1qeFokeSQqHjukIhY7rZaw4EuG1vbk6aC63rC0XblLy3UPI+AAAAAAAAALrRVa5aEgJ3CH+Ltyl9JGNa3tDcsWC3UCip5C1Kn3ss7O0iEAYAAAAAAACgB6UZa9FyoVCy7kC1b+e3dFsB3Nwa9na1vnVdc2nYK/wFAAAAAAAAGJjSQLerat/W54XS9aUVwO2Bb8mO29d1NdVzyXi0/AUAAAAAAAAYmNKK3m57AZdUAnfYtLQCuJCSyt7iit/eBtTHgQMAAAAAAABQopcAuFC8rjj87a4CuNsQuGT/Kn0BAAAAAAAABlk3AXCn4Lf4tY7hb0sFcKHQeZrn9qmf+3Dc5tIXJMQAAAAAAAAAfdNdK95upoBu+7c9GO44PXTHKaBLQ+C2Vf0YT8/pMQAAAAAAAAAteuqz210P4JLl9n+Lp4AutAa/HSqBW//t8FrpAftSJiwMBgAAAAAAAGjRU+jb3TaFolVdVQMXTwFdXOpb6Cro7eIY/cp0+/IBAAAAAAAAAGhRMmtzT9NBFzpWAY/p9Ia+zODc4UC9bKwAGAAAAAAAAKBFr/WzXW3Q9+mgx3SY7rl02ufk4ANcBcAAAAAAAAAAfdRLAFzooRq4ywrgnvbf3FXFb9EU0gAAAAAAAAAMQHeZbaHkpZ4C4GRMe0LcXFIF3LKy4w4KJcsp2gwAAAAAAACAASoNekte63a5Yy/gMQfWt4a/zQOYs7nD3NLSYAAAAAAAAIC+6Us+20MAXOi4PKZTtW/7Ymm1bzfVvx30ZRsAAAAAAAAADhhACFzoOhQeU7qivYK3+A2dwuBSbVW/wl8AAAAAAACAgeklb+0U+nZ+z5jOUzeXVv12t6Pmon8EvwAAAAAAAAAHrdDpSU8bdVrXRQVw0nNFb8lrsl8AAAAAAACAQ6R/QXAXFcClGxav7+0AAAAAAAAAABw63eW1vfUA7nUHXW0LAAAAAAAAwMHpT1FuaQ/gTrlv6c56CnlVAwMAAAAAAAAcPt1ktK2rD0wBXSgKepu72LJbqoABAAAAAAAABkc/inALnRe6mAI6HcPgNt3mvKqAAQAAAAAAAA6pLmPZzivHdLFVFxs2y3kBAAAAAAAAhlQDQJIcAAAgAElEQVTvoW03AXD/dwQAAAAAAADA0OpjAAwAALwZNDd32/sFgGGsUPDH+wAAQItCc3Nzcw8NfgEAgDcBwS/A6CAIBgCAN7tCWwDcxk0fAAAYTQS7AHRFUAwAAKPNgd/xSwLgnrhxBAAAI4HQF4D+EAYDAMBI0bff3fsRAAMAAMOZX+0BOBiCYAAAGB3GDPUAAACAgRnKwFfYDHB4HM5QtvT/7QJhAAAYmVQAAwDACDRYv8b7OgAwOg1WeCsEBgCAkUcADAAAI8zB/Arv13+AN6eDCXKFwAAAMLIIgAEAYAQY6K/tft0HoCsDDXWFwQAAMPwJgAEAYBgbyK/r/X2PrwQAo0t/Q9qBhLqCYAAAGL4EwAAAMEz151f1Q7UtACNff8LaQ7UtAABw+AiAAQBgGBrMQLev+/LVAGBk62sg29t2QmAAABjZBMAAADDMHGxg25f36ykMMLIcyp693W0zWIEyAABweAmAAQBgGDnY8HagobCvBQCjw0Cre3t638GEyAAAwOEnAAYAgGHiYMLfrtYPJAz29QBgZBpIgNvV+oOpBhYCAwDA8CAABgCAYWCg4W/pusEKgvs6JgCGzmBW+5au60843N9tAACAQ0sADAAAQ2wgQexAwmBBMMDoMFjB70BD34EeHwAAODwEwAAAMIQGI/ztaflgKoT7uw0Ah95Aq3B7CnsHKxju7zgBAIBDQwAMAABDqL/9ePsa9g5mCOwrA8Dw0t9+v30Nf/sTCg9kHAAAwOEhAAYAgCHS3+rf7pYHIwQWAAOMHP0JXg8m/B1IZXB/XgcAAA4NATAAAAyR/oSu/Ql/B6squLcxAjB0BtLntz+B72CEwAJgAAAYGgJgAAAYIn0NXXsLcXtaN5AwuKex9cRXC4CDM5DAtLepmfsa+vY1EO7qmH0NowEAgMNjzFAPAAAA3oz6Gpb2FhL3JfDtTxjcl2MCcGj09v/ZrgLV5ubmfgethUKh/X2lxyx97WCOOZCxAQAAB08FMAAAHGYDnfq5t9C3v//2dry+jBeAw6+3qt/S5e6qfQf6b2/H68t4AQCAQ0cADAAAh9HhCH8HGgCrBAYYngar329P/wqBAQBg9DAFNAAADEP9DX8PJgjuLfgV+AIMra6maS5e39VyX6df7us00F1NC22KZwAAGJ4EwAAAMAwMtNdvadDb33C49Ng9VQT3th6AQ6M0ZO0q+O1vr96egt/i572FwH09HgAAcPgIgAEAYIj1t+K2t/C3UCikoqIiY8b4dR+A7r3xxht5/fXXO11D+lNJXPq6EBgAAIZe2VAPAAAA3iz6Wznbn969xTfrJ06cKPwFoFdjxozJxIkTO1QS9zYrRHftA3pj9ggAADh8BMAAAHAY9PXGd299ebuq+i1eHjdu3GANGYA3iXHjxvV4benLtakvhMAAAHB4CIABAOAQ6+mGd1+ne+7qeVfLKn8B6K8xY8Z0e10pXu7qeVcO5roHAAAcPAEwAAAME93dFO/ppntxpZab6gAMVE/Xk76Ev65BAAAwfCgPAACAYaavPX+FvwAMpu6uJcU9gkufF68DAACGBxXAAAAwRPoS2vY0HedA9gcAXent+tKfKaD7ug0AAHBoqAAGAIBhoD/TbXZXAexmOwAD1dM1pLjCt6sq4K5eAwAAho4KYAAAGEYOpreiABiAgTqY64zrDwAADC8qgAEAYJjqT+Wvm+8AHKzeriWqfQEAYGRQAQwAAEOgr4Ftf7YTAgMwUP25jgz2dgAAwOASAAMAwBDrqf9vV8tt61T/AjDYeru+DOSaBQAAHF6mgAYAgGGip5vmPd2QFwQDcLCKryGlUz0X627aZ1NCAwDA8KECGAAADqGBhrIDmV5TAAzAQA3kenKor3EAAMDACIABAGAEKq34dTMdgINVel1xbQEAgJFJAAwAAIfIwd4472m6566W3agHYKCKryW9BcGDEQ67ZgEAwKEjAAYAgGGkqxvifenx60Y6AAerr73o+/M+AADg8BMAAwDAYTZYUze74Q7AoTJY1yfXKgAAOPwEwAAAMAJ1dXPdTXYABqqra4nrCgAAjEwCYAAAGAb6c5Nd+AvAoXCwIbBrEQAADA8CYAAAGGb0+gVgOHFdAgCAkUUADAAAI1RppZab8AAMlGsKAACMHgJgAAAYIdyMB2CouAYBAMDIIQAGAIBhqPRGe2/LADDYXIsAAGBkEgADAMBhNNg3y03VCcBgOVTXFNcoAAA4vATAAAAwzLlxDsBw4ZoEAADDnwAYAACGqebmZjfaARh2XJ8AAGB4EwADAMAI010PRjfjARio7q4lri0AADDyCIABAAAAAAAARgkBMAAADBP9rbJSlQXAoeKaBAAAI5cAGAAAAAAAAGCUEAADAAAAAAAAjBICYAAAAAAAAIBRQgAMAAAjiB6LABxurj0AADCyCIABAAAAAAAARgkBMAAAAAAAAMAoIQAGAIBRwPScABws1xIAABgdBMAAAAAAAAAAo4QAGAAAAAAAAGCUEAADAAAAAAAAjBICYAAAAAAAAIBRQgAMAAAAAAAAMEqMGeoBAAAAMEI0bMzqBx/O9x95MLX/ui51O9pemJzqU+bkhF9flP92waIsPLbiwHu2rMyF774qq1oXL7r72Vz+zj4catO6PPTYyvzTd3+c1S+sy7Y9pcd6dxb8xvuz8H0npaqi43tXf/3kfOSOA8vVl6zMD3//pF6P2eF9F63IC194e+8D7e797742T92xKDOKNyg5F5l4dm5/9Os5a1ovO+7wvnfnhsf/Kotn9WtoAAAAvIkIgAEAAOjVhgevyh9euTJr93T16mupW7MudWuW5aGJJ/c7OO1gy1O57Sufz62PvJKGLjdoO9a6PLTiW1n4p4/n24uO7HGXdTddm7vetyIfP37gwzok9jyYz91ydn7ylXenovetAQAAoE9MAQ0AAECPNqz8g7z/4pLwd+KRmXfKSS2P4ycPynG2Pf6NnPOBC3JTt+HvQP0kV1+/MhsaB3Wng6JhxbLc9OTgfloAAADe3FQAAwAA0L0tK3P1lx4/EMgevyg33PiFLD6lJPRtfC11j303t740sMM0/OgbWXrRnalrX1OReYs/n2v++zmZN2dyKsqLN34t2zY9m0cfWJm1fS2dfXxZrn7gPfn2b/dcLXz4bcwdX/mrfOD7n818ZcAAAAAMAhXAAAAAdGvbkw8f6Fmbt+eav7y2c/ibJOWTU33mBbn5ggFM/7xpZT71iaLwd+K7c833H88Dy5Zk/rEl4W+SVEzOjONPz+LPfj3XnN1zoFt9xumpSpI0ZNVXvp6HdvS4+WF0emrOaH36wrdy2d+sG9LRAAAAMHoIgAEAAOjWhuceL1p6R+YNeh/d1/LQTcuyqn166eNz0V/fko+fNDjTStedcnYuObO1tHbPg/ncLY8P8vTSA1WRD5z7+6luXaq76drc9cKQDggAAIBRQgAMAABAt2Ycd3rR0vOp2zLIB3jpgfzPBw9EsvOv+vNc/s7BnAv5hHzoqiuzsHVpOPXcrTjjD3LNBXNal4Zvn2IAAABGFgEwAAAA3ao69YzWKZST5PFc/Sffyur6wdt/3eMrs7p96X05/+xBLzFOjl6Uy69qm5p6Y+74yt9k7bAIWitS89kr8/GJrYuPL8tNP3xtSEcEAADAyCcABgAAoHsn/V6uWXKgIrfhR7fkI+9+dy687alsOOhC2tfy/I+Let+e+b7UTDvYfXateslVuaQtW37hlly9YpjMtzzx3bnkT89OyxluyP1fuqVoOmwAAADoPwEwAAAAPajIwqseyM2/WdSTd88rWXXLBXnPqadn6dcfzNoBVwRvTN2PixaPn5MZBzHSHpWflItuONBzd/W1X889mw7Vwfqn8je/kK+19ylekatveWqY9CkGAABgJBIAAwAA0LPyOfnQN/+fPPCnizJvYvELr6X2ji/knHcvymUPbhzAjhuysw8h7LaVf5DjTzy5m8cf5J4+9iWueHtxz93Hc/W1D2bbAEY9+I7s0Kd4w53X5tafiIABAAAYGAEwAAAAvSufnHmLrs0Dj6/MzRednsri1/asyz0Xn5NzbvnJMK9c7dhzt+GRq3LdPw2Tnrsd+hS/kNsuGy59igEAABhpBMAAAAD0XeVJ+dAX7sxPnvlhln+2OAhuyNrbLsinVvanEvjIVJ9RtLinvusAeeKMzDvlpAOPk45MRVfb9cUw7rk7bPsUAwAAMKIIgAEAAOi/ijmp+fSd+cnjf5WPt4WWaciqa7+Vh/rcE3hOqk4qWnxsXeq6qHqd8ZvX5oH7Vh54fOuzqTmIoQ/bnrvDuE8xAAAAI4cAGAAAgIGb9e5cc+NnU9W2vGdlfvRs398+7+1nH1jY9Fe558nDEcUO3567w7dPMQAAACOFABgAAICDc+SROaFosW7TK31+a+WZi9p78iYNueuWlV1WAQ+6Lnru1g6Lnrtd9Cn+ft/PJwAAAAiAAQAA6NbqFd/K6t6mdH7llTxftFh99JF9P0DF6bno8ncfWP7JsvzhlQ9mw2EIY0t77t7zwzk9bn/YlPYp/vuVHc4vAAAA9EQADAAAQPc23pKPvHtRPnfH46nb1nma5Po1K3PZpbdkQ9uKiYvyzpP7d4iqRVfmhraevEnqVn4h7z/3C7nj/9uY+pJDNmx7Iau+//DgBKIlPXc3bNo4GHsdFB36FG/aeOD8AgAAQC/GDPUAAAAAGOb2rMv9X/+D3P/1JNOOz7yjW4LJrS+sy7Y9xRtWZOFVv5+zKvu5//I5WXzbA8nFi3LZP72WJGlY92Cuv+DBXD8Y4+9BS8/df8jSO4dP+NuipU/x9x65KquGeigAAACMKCqAAQAA6N4Rkzsu73gha9esy9o1JeHvxJOy+E9X5vZFA5xGuXxOFn/z/8kDf7oo8yb2vnnLMY/Mws9ekPfOGNghW3TsuTusdOhTDAAAAH2jAhgAAIBuzf/0U/nJb/4kq558OI88/GSef/6FrN3SMi9zxayTUn3qO/Jfzzw7Z5399lRV9LKz3pRPzrxF1+aBs38/ax9+PPf808qsfubA8TLxyMw7/oSccNr7cuY5785ZJ81JRflBHjNp77l7z2cfTOdJrodW9ZKrcsnyRbnphaEeCQAAACNFobm5uXmoBwEAAKNRV79ql65rW25ubu70vKtHU1NTp+dNTU3tz2fNmnXoPxgAo86WLVtSKBRSVlaWsrKy9ueFQqHT864eSTo9L1a63N06AADg4JkCGgAAAAAAAGCUEAADAAAAAAAAjBICYAAAAAAAAIBRQgAMAAAAAAAAMEoIgAEAAAAAAABGCQEwAAAAAAAAwCghAAYAAAAAAAAYJQTAAAAAAAAAAKOEABgAAAAAAABglBAAAwAAAAAAAIwSAmAAAAAAAACAUUIADAAAAAAAADBKCIABAAAAAAAARgkBMAAAAAAAAMAoIQAGAAAAAAAAGCUEwAAAAAAAAACjhAAYAAAAAAAAYJQQAAMAAAAAAACMEgJgAAAAAAAAgFFCAAwAAAAAAAAwSgiAAQAAAAAAAEYJATAAAAAAAADAKCEABgAAAAAAABglBMAAAAAAAAAAo4QAGAAAAAAAAGCUEAADAAAAAAAAjBICYAAAAAAAAIBRQgAMAAAAAAAAMEoIgAEAAAAAAABGCQEwAAAAAAAAwCghAAYAAAAAAAAYJQTAAAAAAAAAAKOEABgAAAAAAABglBAAAwAAo8aWuxelULgutYfpeLXXFlJYvCJbDtPxhq/aXFcopHBt0ZnfuCKLCoVc9+TQjQoAAADejATAAAAAQ6E1IC2UPgTKAAAAwEEQAAMAABxWW7JicSGFqpVZtKE5zc0dH5s/vDKzC4UsunskxcA1uaK5Oc1X1Qz1QAAAAOBNTwAMAABw2NTmusLsLD31iTQ3r8ySOZ23mPXRlWlufiLzl8zuOKUyAAAAQB8IgAEAgEOopTfsoru3tPbnbZvqeFFWbGzd4triKZC76N/75HUdti/dd68h6ZPXdb3v9vU9Tb3ceoyiR9c9bUu367oPce21C3LlV5/oQ6VsTa7YsDznfnlBN8drrSLuMK7Wdd304e36PJfsp8tz0PlYnbc78HMeiI7/bXR1/voyhuIe0CU/j7ZzUjLt9siqsgYAAIC+EQADAACH3H1LZufTua11muPNWX7efVladV2uu7aQG6s3F62/MgsGswfuxhVZVHNl8tUn0tx8Rdpi1y13L0qhZnWWt0/BvDnLszSzi4PHjSuyqLAgq1dsPjBFc+2yLg6yMp8u3Ji57ft6IsvSxed48ros+PK5WX5BUfjbIZBclBV3X3cg2JyzJJd+Nbnym12FrbOzNMuzufnAMVMzO0vv7fo0XFlTyCPvKx3fdblu8eysv7ho/b1LM7skUN9y96ez8sNF56Cb7QamJdidvWR+niieBnvF3JJz1FY13cPP68CnzYLCIzmz+Gf25QVZdO11WVS1PpcWrb9vyexuAnYAAAAYuQTAAADAoXfe8tz20VmtC7Oy5JvLc26uzJXPlKy/eFly78o80qnadyBqc13V0tx33vJsvqpj6PrpJfdlWW3xFMwHxvRIayC45Z9X5r4sy6Xt40tyxhW54oySw9x7X+Z32FdNPrHi3E6fo/bhK5OvXnpgu40rsqhqaebXtoWal2b9kiuTU+em7Yg171uW3Ls+64s/1bULcmWW5Yl7luTAyForhrs7FV99omjcNbmidlly75W58tSO6z+x4tzky490CFVnfXRlVhafg262G4gtd386S+9dlieKwvmWYy5pXd6SFRd38TPMrCy5pzXI7iKIXlZbtL8zrsgTX03u+/KVmd9h/Sey/LzkyodNsw0AAMDoIgAGAAAOvaJQM0kyZ27mJzn3w2d2Wn9u7sv6gw6Aa3NdYUGuPG95NncISg8Eu2eWBrlzzsyiokBw1tz5SVEg3L3O+2p5b/Hn2JL1zyTnVs9tX15x8dJkxeYOAeyZXy0d09ycm9VF+6nNI19Ozl3xiXSaRLp1/F05cNzi/SbL3tdxLy3jXt3r+e/rdj3bkkf+933JV8/s/FnabHwkK+9Nll3c8WfYovV8PbO+pEL63Mwt6a08t/rcdP45zcrcU7t6PwAAAIxsAmAAAOCQ6xRAHlKrc+PirqpkW6yvuy8t0wSX9JQtlEyh3FYhWtNT798k581Np0/XGrCWmj+3dTQbH8nKe8/Nond1jjV7PFcb12d19692q/24A1bSg7fmyoPcX9rD3d4+731dBLpt5laf26lCOpnf7fYAAADwZiAABgAARqkeqnfPK+6fW/Jon2p4Vpbc09Yzty0I7qrnbN+tXt9TrWlLlXAHG9fnvi4CzYMPdPuu9tqWcLxDH+AueyEPzOH8LAAAAPBmIAAGAABGgP5MCz0/l97TnCe+mlxZsygrSt7XddVoT2pyRXNzmje09Ajuquds71qmG76vroejtlbEFmvpG1w0RXLr1NldB8nrs/7eLlYfjI0rcuOXk2W1zSV9gAdBj5/lwDY9TQm+vu6+riuwAQAA4E1MAAwAAAxvrdMpdwoKe5kOueaqzVl+3n1ZWtUxBJ71rkU5N1fmxrv72fm1rcfuAHvGzq0+N/nyIy0VxHPOzKLz7svSO9vC5C1ZcfH6zP9qUUj85HVZ8OVzs/yC4g65czP3vOS+//1I5zE8+UgGYWLmjrqZgrn24cE4UksP3/uW/HX3VdVtfZm/uaKLc97aD7m0jzQAAAC8yQmAAQCA4W3OklzaKSiszXVVS3Nfj2+clSX3PJFluS9Lq4qmbm7f3+ySvr5bsmLxge223L2o4+utFbrLLu7cV7gvZn300ixrD55bx/blBe39h9dffEWuuGB5zm1bV5M80bwySzqEr7Oy5JvLc+69SzO7uBJ544osqlmdc88bwMB60lqBeyCobjkvC748kJ3V5rpCIYXFB8LcmqueyLJcmQWLOwa8tde2/Ry6+bzZkhWLF+TK85bntsGuTAYAAIARTgAMAAAMey3VvFdmQaHQGpjemLkbWnrz9vLOXNE2dXOh0B7o1lzVnM0rzm3t61toD2FXfvgTKa637fB61dLMr23OFWcM+FPkitplRcFz69TSrY8rzkgyZ0lWtq+7osNY2s1ZkpUbioLiQiGFqvW5tPm2LBro0LozZ0lW1i5Lio41u+7SQewBXJMrmjdneZZmduHAuV7wTNG0znOWZGVzcVje8rNaeuoTab5nYGE8AAAAjGaF5ubm5qEeBAAAjEZd/apduq5tuS0ELH7e1aOpqanT86ampvbns2aJw4a9jSuyqGpp7suyPNFVyPvkdSk8fGaar+oy/u1Bba4rLMjqFZsHv18vMOpt2bIlhUIhZWVlKSsra3/e9ocXxc+7eiTp9LxY6XJ36wAAgIOnAhgAAOBwaqvyrU1RRXPRoyZ5ot/hb1p7AJ+bRe8S/gIAAMCbmQpgAAA4RFQAcyhsuXtRPp3bOlb5tlYVR/UvMEAqgAEAYPQYM9QDAAAAoO9mvWtRUjU7hSUd1y87qP7EAAAAwGihAhgAAA4RFcAAjBQqgAEAYPTQAxgAAAAAAABglBAAAwAAAAAAAIwSAmAAAAAAAACAUWLMUA8AAAAYfT7/+c8P9RAARoRvfOMbQz0EAABglCk0Nzc3D/UgAABgNOrqV+3SdW3Lzc3NnZ539Whqaur0vKmpqf35rFmzDv0HA2DU2bJlSwqFQsrKylJWVtb+vFAodHre1SNJp+fFSpe7WwcAABw8U0ADAAAAAAAAjBICYAAAAAAA/n/27j9My7reF/37mTywsw0bL5A1ou4AvURQWSm4EFixAS1dSVqJEGgWaJcYbjV/UKjZWoY/Qt2pR1KvhVpWeGBpJZHptpBDDdgSjVBBOil0/DVb5ciCkx24cub88cwMDzMDDDDTwO3rdV33xfe+v/ePz30/j+Pom+/3BgAKQgAMAAAAAAAAUBACYAAAAAAAAICCEAADAAAAAAAAFIQAGAAAAAAAAKAgBMAAAAAAAAAABSEABgAAAAAAACgIATAAAAAAAABAQQiAAQAAAAAAAApCAAwAAAAAAABQEAJgAAAAAAAAgIIQAAMAAAAAAAAUhAAYAAAAAAAAoCAEwAAAAAAAAAAFIQAGAAAAAAAAKAgBMAAAAAAAAEBBCIABAAAAAAAACkIADAAAAAAAAFAQAmAAAAAAAACAghAAAwAAAAAAABSEABgAAAAAAACgIATAAAAAAAAAAAUhAAYAAAAAAAAoCAEwAAAAAAAAQEEIgAEAAAAAAAAKQgAMAAAAAAAAUBACYAAAAAAAAICCEAADAAAAAAAAFIQAGAAAAAAAAKAgBMAAAAAAAAAABSEABgAAAAAAACgIATAAAAAAAABAQQiAAQAAAAAAAApCAAwAAAAAAABQEAJgAAAAAAAAgIIQAAMAAAAAAAAUhAAYAAAAAAAAoCAEwAAAAAAAAAAFIQAGAAAAAAAAKAgBMAAAAAAAAEBBCIABAAAAAAAACkIADAAAAAAAAFAQAmAAAAAAAACAghAAAwAAAAAAABSEABgAAAAAAACgIATAAAAAAAAAAAUhAAYAAAAAAAAoCAEwAAAAAAAAQEEIgAEAgA62PDeUSimVSilNmJfa3e1/bV7Oauz/1vIWR9c+dFa5r1TKDU93zB0AAAAA7C8EwAAAQAeqzbwJI3Jt4+q/nZPpD9XuRv/y3HD4Oflx4+p1I7YPeZ++IYdMburNtcNvSMuIGAAAAOCDQwAMAAB0oHVZ92/bb/nxH9e1vf+1dXmu2RmfW7ctIK5d16I3617b01oBAAAA9n8CYAAAoAP1S7+zt9/yuSP7tb3/sH45odkZT+hX3dSu7teiN/0O29NaAQAAAPZ/AmAAAKADVWfygmWZ1bh69o8yZ1L1bvQPzzWv/iifa1y9flmuOami+6Rr8ua8pt7MWn5NhrfvDQAAAADsV0r19fX1nV0EAAAUUWu/ajff1rheX1/fot3aUldX16JdV1fX1K6urm5xTQDYldra2pRKpVRVVaWqqqqpXSqVWrRbW5K0aFdqvr6jbQAAwN4zAhgAAAAAAACgIATAAAAAAAAAAAUhAAYAAAAAAAAoCAEwAAAAAAAAQEEIgAEAAAAAAAAKQgAMAAAAAAAAUBACYAAAAAAAAICCEAADAAAAAAAAFIQAGAAAAAAAAKAgDujsAgAAgOK56qqrOrsEgP3CLbfc0tklAAAABVOqr6+v7+wiAACgiFr7Vbv5tsb1+vr6Fu3Wlrq6uhbturq6pnZ1dXXH3xgAhVNbW5tSqZSqqqpUVVU1tUulUot2a0uSFu1Kzdd3tA0AANh7poAGAAAAAAAAKAgBMAAAAAAAAEBBCIABAAAAAAAACkIADAAAAAAAAFAQAmAAAAAAAACAghAAAwAAAAAAABSEABgAAAAAAACgIATAAAAAAAAAAAUhAAYAAAAAAAAoCAEwAAAAAAAAQEEIgAEAAAAAAAAKQgAMAAAAAAAAUBACYAAAAAAAAICCEAADAAAAAAAAFIQAGAAAAAAAAKAgBMAAAAAAAAAABSEABgAAAAAAACgIATAAAAAAAABAQQiAAQAAAAAAAApCAAwAAAAAAABQEAJgAAAAAAAAgIIQAAMAAAAAAAAUhAAYAAAAAAAAoCAEwAAAAAAAAAAFIQAGAAAAAAAAKAgBMAAAAAAAAEBBCIABAAAAAAAACkIADAAAAAAAAFAQAmAAAAAAAACAghAAAwAAAAAAABSEABgAAAAAAACgIATAAAAAAAAAAAUhAAYAAAAAAAAoCAEwAAAAAAAAQEEc0NkFAAAAtKetb76ezf/+m7y3+vlsee1P+eumjUmSA7r3SNfDPpoDBx2Xbv/wj+lyyKGdXCkAAABA+yvV19fXd3YRAABQRK39qt18W+N6fX19i3ZrS11dXYt2XV1dU7u6urrjb2wftfXN1/POj+dl07Ilbdq/+4jR6fW5yYJggCS1tbUplUqpqqpKVUmCAh4AACAASURBVFVVU7tUKrVot7YkadGu1Hx9R9sAAIC9ZwQwAACw39v41OOpvX9OUlfX5mM2LVuSTU8vTfXU6ekx5rQOrA4AAADgb0cADAAA7Nc2PDo/by94cM8OrqtL7dz/Pe9v+o/0PHNi+xYGAAAA0AmqOrsAAACAPbXxqcf3PPyt8PaCB7PxqcfboSIAAACAziUABgAA9ktb33y9PO1zO6m9f062vvl6u50PAAAAoDMIgAEAgP3SOz+et1vv/N2lurryOfd1W1cl44cm0x5t2LAhuWRoMvT2TipoVTJ0aHLJo7ve9YNq4aXlZ7SyswuhJd9fAACgeLwDGAAA2O9sffP1bFq2pNW+Dw8YlKquH86fVz3bav9HBg9J3Za/5C9rV7fo27RsSXp9bnK6HHLorou4c2jS2uzT1z2RnNFz18fvjS5dkh5dO/Ya7Wnl7ckFP6zY0CX52Njky19NhnXws9ovbEguOTVZVrmtWzLoxGT8ucnpg5MPdVZtO9JQ85H3J5cM7uxiAAAAqCAABgAA9jub//03O+yr6vrhHPrVa/L67Tfkz7/fPgT+yOAh5b7v3LDTc/c8c2IbK+mTTDwt6Vax6b92aeOxe6jL4GTesl3vty8aNSE56j8n+X+Thxck0xcnNz+RnNJtl4d+MAxOLhhabr73RrKsJrl+cXLn2OTB2Umfzq1ul1b+MPnXR5Mv/1vysc4oYHMy79vJj/snD0/tjAIAAAD2CQJgAABgv/Pe6ud32PfnVc/m9e/c0CIE/sjfD8mhl5XD3x2NDm48d9sD4H7JF7+S9N6d6j/ARp+/bXT0eSOT0y5NHvxFcsqEzq1rnzE4mfaVbauXJ1k6O7l8QXLNgmTuhH1wJHCF//uZ5Lfrki93VgFbk6cfT9af21kFAAAA7BO8AxgAANjvbHntTzvtbwqBL7smH/n7IW0Of9ty7jZrfO/rijeSm6eW26dMTZZtSN5bt/22X75RceDmZOHtyfgx5f5RpyY3P5q819i/J+8s3dU5K94jvOGZ5PJTy/t96tJk9dbtT/X8gmRKw3nGX5u8vHnPns+BR5dHia5uuPetbyQPXpt8akTDczk7mftM8n7D/u9v2L7/U1OT327eed/K28vrP6l4vstml7fNX7dt2/xzkqHXJo23snltcueM5JSh2873YEUtlc/rl7PL+zV+Hu+/kdx5aTKq4TnfWVNx3B4YNSOZ1id5/ofJyxXb33omuW5q+TpDhybjZyRPrNv+2Pc3Jwtnb3su42ckKzZs639v3fb3OX5G8mpDX9P3d0Myt+J+HlzbsEPP5M4VDdM/NzyP62vKXRcM3ck7jyue3RuLt32XptyebEjy8qMV22Ynlf9o7Ow78tajydDGabR/WO6vfC/25rXJzRdV3OtF2z/P7OLaAAAA+xEBMAAAsN/566aNu9ynMQQ+7IrrctgV17Up/G3ruXfLzd9Kjjw/+fqZydZVySXXJ9dOS3pNSG6YWt729Wu3BW9Zl/wf7yTnzUrm3J1MPjR5+FvJnGf2ooi2nrMmufL+5NRZySVjk7dqkmm3J40Z8B/uLwdjrx6dXHdHcl6v5L9ftYc1bUo2JunTvby68Znkt92TS+9I5tyRjEpyz0XbwtsHpyV3rk0+f135Hj7fK/lfW3feN+jEcv+KlxquuTVZuqDcXNUYlm5Ifrs2GXFieSrv91YlU85JHn694XnNSo7fktx5UTJnVbN7+GHy2IDkiRXJnWcm2ZxcN74cFn/8suSWryb/67vJd/bms0v5fcl5I3mpIbx949FygLmsa3LlHcn/+Ebyd88k15yTLGxMLbcmc6Ymt/4+mXpL+ZkOXpdMm5Y8v7Vc6w3nJA+/k1zS8MxHvFMOYSvdfFWSf0quuSzpvSG5c0ry22Z/KSDdki/fnUweUF69/O7y59B3ZzdVk9xQk0yZlXx2QDng/pdLk//+ePL52ckFg8t/2eCaBdsO2dl3pMeJ5c9qUJKMLV9/zpnl4956PPnsOcljm5Lx32g4tkvFX4BIsv6Hyaxnks/PSia3cm0AAID9iCmgAQAA9lhN8qmhFesjk8fu2H5K6M/NSMb3K/e9/1JyS01yyN3JBQ3h5Ja15ZGTazcnh3dLMjj5weBtU/0O65UsOzv59fPJVSfuYZ1tPWe35JuNwd2JycYRyYO/SdbPSI7amvz4u+VzzW3cZ2QyuE8yfvbulfP+5uTh25PVSaaPLG/reWYyp2Kf41Mehfq7l5LxXZPn1yU5M/lswzuXh53YMLJ2w477PnRiMj7Jw6uS68cmeSl5rEtyxthk4Yrkmw3blib5esNzeOz2ZH2X5M4HkhEN73MeNjJ5f0zy4H3J5ys/3wHJJWdue67rf5E8sTUZf0fy9Yb7GjY2uXl08vDuPaLtbPdf7luTH307eW9w8mBFyDry6HLIeeuC5PTLkjd+mjy4LrnhqeTUbts/058/kxzXLfn11qTv2OT0keV7GDay5Wjls7+RTOxXbv/dO8kFP0xWr0uGDajYqUty3InJul5J1paD912+A7hLcvk3kiOSjOqTrD07WfZMMmdJMqxLkv7J6lOTZauSzRPKn+tOvyNjk2Fdkx8lSZ/yd6DxeX3/+mRjv2TuA8nHKj7TSm/0Sx6clfRIcurRyfpTy+9g3jAh6bmrewEAANi3CIABAID9zgHde+SvG/+fne7zkcFDcuhXr8lrt12fJOV3ArdhFPAB3XvsRiV9kokNoWOSpFfy4Wa7DOq3rf3hhoBs5N9v2/Zf+yWpSd6rGFX5/KPJ4meSleuSN9aWR8pm027U1Yo2nXPw9qM2+57YUFtSDk+TDD2z2T5Ht72G609Nrq9YP2VWcl5jkLg5WfqLZNmKZPXryfqGqYY3b07SMxk/oTx69/TfJKO/kEw9M+nbbRd9XZKhpyUPL05evizJiiSfKV9z4X3lYHvL75MMSIb2SbKhHDjm3IYQslG3ZMTI5Jc15WmBmwLgE7d/FqsbpkA+pTJc7NIwErmm7c+pucbvxoFdkryU/Gxry8/hQwOSU1IOfTckeb7heteMSa5pdr433kkysjx98823J6c+mpxxbvL5M1u+z3pAxfe3T0N785Y9v5cmJ5bD3yRJ93Lwms8kxzc+957JkUmWbU7+koZ/xnb2HdmRdeWge9DZ28Lf1owY2VBD5bWzd9N3AwAAdBIBMAAAsN/pethHdxoAN4a/r99+Q/78+3Lg+/rtN7QpBO562Ed3o5J+yRe/0jI025UDdxJEPXZpct0zyeSvJdMnJP26JtedU84u91R7nfO9JDspfZdGTUiO+s9JvxOTAUc3hLRJsjX516nJ3CSXnJ+M6ZcMeCc55dJtx46Ykfzy7HJw++DtyWPfTa57ODmjz877Bp+Y5PHkxTeSrb9KPvWVpG+vpM8bye/WJalJ+py8i+mK2+ivDX+2639pb02W/jTJ2GRot13u3aKW//FUMrhZ34e6lv8cf38yYlXy8H3lKcEf/GEy90c7D0o7VJedfL/a8B1p1ZZyaN+na7tWCgAAsC/zDmAAAGC/c+Cg43bY11r4myR//n35ncCHfvWafGTwkD06d8fbkDxek2RCcvmZybDBSc8t5amSO/2ch5bfubqspmH0cIPVu5Eijz4/mfaV5NQTK8LfJHkpmbsuGXFuct5p5emFt76z/bHvJ+nRr/xe3ifuT/psTeY+vuu+3oPL74Vd8XhSszYZOjjJgOSULsmqZ5JVa5NTGqfx7pkc1yfJ4uR3le+53ZqsrEkydudBcb+G0cwr1lZs3Fx+Znvi/c3J/KuSh7cmF5zbMEK1X/LxJCsWl4PNpn3XlQP9Pn9fnrL46IZR5iteSnp0237p1pCyvp+kz+DyO4B/MivJuuTffrNntXa4NnxHWtUvOTXJikeT9R1dIwAAwL7BCGAAAGC/0+0f/jFvL3iw1b66LX/Z4SjfP68qh8B1W/6y03O33brk+9+tmAI6yYDPJGP67MY5KnVpONejyYMnJgM2J/MXlIO/9/bwlO12zp7Jp05Llj6eXDAj+fLZyZaa5LFVe1pYha5JnyQrFyQL+yQ91iU/fbSif0NyzbXl8O/vuiSvPl4OP8/ou4u+JOmXnD4gmTM3eW9kcm3DhzX0M8kls5N0SeZWDJH97GXJj2Ykl09JLvhCMiDJwh8kT3Qpjzzd2Qzhg05O+t6f3DMl2fS1ZGTX5OEfJO8MSLJ2Jwc2WpXc891y8703kl8uTt7ampwxO/lyY43dki9elvz69uS8i5JLzk16vJPMvz1Z3S255ezy+3yPOjMZNTeZd2my4SvJGQOSLW8kv1ybXDwj6b0q+cKC5Itnlu/pdwvKp6+c8nl39Tq0/Odd303O+0/JQVOTdvv7FLv6jiRJt/I+WZDcc3TSNcmU08qj9J/4bnLeOds+06d+kZx+RzvWBwAAsO8wAhgAANjvdDnk0HQfMbrVvr+sXb3TKZ7/vOrZ/GVt68Nfu48YnS6HHLoblbyRzL8/mVuxPN+WUYk70i25/I7yFLx3Xpr8yy+SC76xl9MTt+M5T7kuuW5CsnFxcs2lyZLuyQ0X7U1xDQYk35mR9H4juf6i5IH1yZWXVfR3SQZ0K9c//aLknlXl0b5Xjt1FX4PjTy6/R3fQyG3TdR/XOOr3M+URwo16jE3m352M7prMvTaZfm2y9tDkhh9VvK94Bz40ILn37mRUt2Tet5JrFiQfn5V8tlcbn8Oqbd+jx9YmQ89N5j6RXDe2HOo2Ourc5IFZyfHvJNdfmlz+7WTLyOSeh5MxjX8boWdyy8PJef+Y/Pb28rO5/odJ+jaE2L2SI98of37TL0oWJrnk7uScvQiAh52bjB+crLw/uf43yYF7fqqWdvUdSZIuyXmzk+MaPrulDe+4PmpqMn9WMmxrcue1yfRvJ68emvxde9YHAACw7yjV19fXd3YRAABQRK39qt18W+N6fX19i3ZrS11dXYt2XV1dU7u6urrjb2wfsfXN1/PKjGlJXV37nLCqKv1n37ObATBAMdTW1qZUKqWqqipVVVVN7VKp1KLd2pKkRbtS8/UdbQMAAPaeEcAAAMB+qcshh6Z66vR2O1/11OnCXwAAAGC/JwAGAAD2Wz3GnJaDJ5y31+c5eMJ56THmtHaoCAAAAKBzHdDZBQAAAOyNnmdOzIe6/5fU3j9n96eDrqpK9dTpwl8AAACgMATAAADAfq/HmNNy4NHH5Z0fz8umZUvadEz3EaPT63OTTfsMAAAAFEqpvr6+vrOLAACAImrtV+3m2xrX6+vrW7RbW+rq6lq06+rqmtrV1dUdf2P7uK1vvp7N//6bvLf6+Wx57U/566aNSZIDuvdI18M+mgMHHZdu//CPgl+ACrW1tSmVSqmqqkpVVVVTu1QqtWi3tiRp0a7UfH1H2wAAgL0nAAYAgA4iAAZgfyEABgCA4qjq7AIAAAAAAAAAaB8CYAAAAAAAAICCEAADAAAAAAAAFIQAGAAAAAAAAKAgBMAAAAAAAAAABSEABgAAAAAAACgIATAAAAAAAABAQQiAAQAAAAAAAApCAAwAAAAAAABQEAJgAAAAAAAAgIIQAAMAAAAAAAAUhAAYAAAAAAAAoCAEwAAAAAAAAAAFIQAGAAAAAAAAKAgBMAAAAAAAAEBBHNDZBQAAAMV2yy23ZP78+Xn++eezdevWzi4HoFN06dIlxx13XCZOnJirrrqqs8sBAAAKrFRfX1/f2UUAAEARtfardvNtjev19fUt2q0tdXV1Ldp1dXVN7erq6o6/sTZ6+eWXM3HixDz77LOdXQrAPmXIkCGZP39+jjjiiM4upUltbW1KpVKqqqpSVVXV1C6VSi3arS1JWrQrNV/f0TYAAGDvmQIaAADoEMJfgNY9++yzmThxYmeXAQAAFJQAGAAAaHe33HKL8BdgJ5599tnccsstnV0GAABQQAJgAACg3c2fP7+zSwDY5/lZCQAAdAQBMAAA0O6ef/75zi4BYJ/nZyUAANARBMAAAEC727p1a2eXALDP87MSAADoCAJgAAAAAAAAgIIQAAMAAAAAAAAUhAAYAAAAAAAAoCAEwAAAAAAAAAAFIQAGAAAAAAAAKAgBMAAAAAAAAEBBCIABAADoVHPX1Ke+vnJZnbmNnV/9Vd6tfze/+mrL465Y/G6z45odm7lZ3WJbhftX77iv8hrv/ipXbFdP/fbbdrY/AAAA/I0JgAEAAOgkV+RX79bn/NyXUqnUtNz30q6OKwe7tx7/XK6sOK587CHp1yIsHpjz1+ws5t0DPcbm2sViXgAAAPY9AmAAAAA6x1c/lRN6rMl9Ay/YbvMFAwflgh0cUg6Nz88hT12Z0kEn57ZmvRcMPCgnf2f7bWueWpyNR5+f1fe3U93ZmMVPrUmPMde2OjIZAAAAOpMAGAAAgE40MCN2J5i9//yM7bEmj4xtHv3uxPqTM+upjRk4ZefTPe+Wnw3KfS/1yNjrTPcMAADAvkUADAAAQOf4TmMwW5932zid8tzhA5OXlu1khHDrbhs7K4s3tu9U0BcMvC9rTAUNAADAPkYADAAAQKe5bexBKV2+OBlza+rr2xYEb3xzzXbrVyx+N/X19U1L61M935aTr2/vqaAvyKAHTAUNAADAvkUADAAAQOf6zsk5qFTaFgS/u/NplXscMnC79dvGHpRSqZRS6b6s2cExjddp96mgp5oKGgAAgH2LABgAAIB9w3dOzkGl8rTK5+9glO6aNzcm1f32OGw1FTQAAABFJwAGAABgH7Imb25MDunbeph629hHdhoQ71rFVNB938zGPa6z0rapoD+VN9vljAAAALCnBMAAAAB0jq/+Kqubj5q9//yM7bExz/3sth0cVA5bB05p2/uCW9U4FfSYsemxZ2doqXEq6DEDd70vAAAAdCABMAAAAJ3mkDG3pr6+ftsyJbmvdFBO/s5ODpo6KKXSlXnu+GbH1p+fgS/dl0FTd33d8lTQ7XYbSRqmgm7fUwIAAMBuK9XX19d3dhEAAFBErf2q3Xxb43pjgFXZbm2pq6tr0a6rq2tqV1dXd/yNtUGpVOrsEgD2C/vK/5apra1NqVRKVVVVqqqqmtqlUqlFu7UlSYt2pdb+veDfFQAA0DGMAAYAAAAAAAAoCAEwAAAAAAAAQEEIgAEAAAAAAAAKQgAMAAAAAAAAUBACYAAAAAAAAICCEAADAAAAAAAAFIQAGAAAaHddunTp7BIA9nl+VgIAAB1BAAwAALS74447rrNLANjn+VkJAAB0BAEwAADQ7iZOnNjZJQDs8/ysBAAAOkKpvr6+vrOLAACAImrtV+3m2xrX6+vrW7RbW+rq6lq06+rqmtrV1dUdf2NtNHTo0Dz77LOdXQbAPmnIkCFZsWJFZ5fRpLa2NqVSKVVVVamqqmpql0qlFu3WliQt2pWar+9oGwAAsPeMAAYAADrE/PnzM2TIkM4uA2CfM2TIkMyfP7+zywAAAApKAAwAAHSII444IitWrMjs2bMzZMiQdOnSpbNLAug0Xbp0yZAhQzJ79uysWLEiRxxxRGeXBAAAFJQpoAEAoIN80KeABmD/YQpoAAAoDiOAAQAAAAAAAApCAAwAAAAAAABQEAJgAAAAAAAAgIIQAAMAAAAAAAAUhAAYAAAAAAAAoCAEwAAAALC/WnVXRo4cmSt/vqFF1wtzWt++32q418blrlU723lDFl0xsmL/K7PorYautxblysp1AACAgjmgswsAAAAA9sJJw5MbH8oLp1+cYzu7lg70wqt9s7CmJj2Tchh80V0ZXdPaPb+Qu0ZemNxdk5rbGja9tSiLapP0TtJ7XG6tGfe3KxwAAOBvzAhgAAAA2K+NzujJD+XCOS90diEd6tjTx5XD3yQZPDqTsj7rWxvF+9b6rM+kjB5csa33uIwb3Mq+AAAABSQABgAAgP3c8On3ZtK8C3dvWuTGwPitRbly5F3ZFh+/kLu2m2K5fFyr525xbLLh51duO3fjetNUzJX77qCepDzC94pFWTSn9emeX5hzYR6a/KWM691KTb37pm8eypIdPosXclezKaC3q3HOC82mz27Yf9WiXNnafezyGTQ+v+3vd+efFQAAwJ4TAAMAAMB+79hcfPekPHTR9kHkNhuy6IozsmTswtTU1KSmZmFmvtIQGPcentEnVQSmq5bkoSQP/brxTG9m/dPNRtS21VuLctONfXNvTU35uneP3nU9jZ6+Kes/Xj7u4oprvzBnZC7MvamZvqMJr4/NxT+ZmfUXNQ+cW7fh51fmjMWjs7Cxxo8vyYXzmu+1PDd9P5nZWOtJuz/i+qGLbkq+1nCNn8zM+ou8hxgAAOgYAmAAAAAogsEX597JD+V7TSNXK7y1PEuenpQvnd44iXLPjPvipIaQt2eGjx2e9a+Wj9vw6vpMunpmhr+yPhuSciA8efRevF+4YqrmwceWz7PTehqcNDOTmofOq+7Kha/MzMIdhr8Neo/LrTU1qbk7ubD56OLtbMjyxcsz6YuV00tfnHsnN99veGZ+rXGfcq1pfD5tNOnuW7eNWO49Ll+avDxLntmdMwAAALSNABgAAAAK4tizZyY33tRyZGnt+izPQ+UwtHG56KGmELPn4X2zfPHybMiGLF/cN6NPH57RWZLlbyUv/PqhTPr4Hsa/vcfl1p+MzpLPNpv2eBf17FT/vtvC2l0ZfHHT6OIrWwvG82bWPz08favbesL2c0jf4X/7iwIAAB8IB3R2AQAAAEA76T0uM69ekjO+vSgz+1dsr+6b4SfNzMzbxrUeng4enUlPfy/LVyVL+o/OremZQ8YmNz3zQka/Mjx9z967mm6tGZemdwvfXZOLd1XPjgy+ODW7PRV1eYTzTevfTFq92vKsr03S9D7hDVn/SpK+u3ud3fPm+uUdfg0AAOCDyQhgAAAAKJCep8/MzNyUmyrfY9t7eEbnptzU6ijYJDk2oycvz5LvL0nfhtG+PU8cnSz+XpZkdIb33sFhvfumbyreH/zWotx04/Jt/avuqniv7yHpe1Jb69mBVXft+r2+by3KXdudtzzN8/C+h7Sy87EZPTl56PuLto08XvVQbnp6N2ra1TNosP017sqF8yqnwAYAAGg/RgADAABAofTMuK/NzJLP3rT9ttvuzfqRZ2Tkjdu2Trq7Jhc3jKg99uOTsnxe8qXbGjp7903fp5dn/dUzdzJK99hcfPekjLxoZB5KkpNm5t6rh2f5+obu6r5Z/9mRGdmwOvzqhbl1cNvq2WO9+yY3bn/e4VcvzK07CFuPnb4wM684I2eMbHhek+8tv0u5zRfcxTNoMGlsctPIkSlHw8Mz8ye37sV7lQEAAHasVF9fX9/ZRQAAQBG19qt2822N6/X19S3arS11dXUt2nV1dU3t6upOeJElQKFsyKIrzsj6L7ZDGN0h5+sYtbW1KZVKqaqqSlVVVVO7VCq1aLe2JGnRrtR8fUfbAACAvWcKaAAAAIAGG35+U256elJG78NhLQAAwM6YAhoAAAD4wNrw8ytzxnbv7J2Ue2suNj0zAACw3zIFNAAAdBBTQAOwvzAFNAAAFIcpoAEAAAAAAAAKQgAMAAAAAAAAUBACYAAAAAAAAICCEAADAAAAAAAAFIQAGAAAAAAAAKAgBMAAAAAAAAAABSEABgAAAAAAACgIATAAAAAAAABAQQiAAQAAAAAAAApCAAwAAAAAAABQEAJgAAAAAAAAgIIQAAMAAAAAAAAUhAAYAAAAAAAAoCAEwAAAAAAAAAAFIQAGAAAAAAAAKAgBMAAAAAAAAEBBCIABAAAAAAAACkIADAAAAAAAAFAQAmAAAAAAAACAghAAAwAAAAAAABSEABgAAAAAAACgIATAAAAAAAAAAAUhAAYAAAAAAAAoCAEwAAAAAAAAQEEIgAEAAAAAAAAKQgAMAAAAAAAAUBACYAAAAAAAAICCEAADAAAAAAAAFIQAGAAAAAAAAKAgBMAAAAAAAAAABSEABgAAAAAAACgIATAAAAAAAABAQQiAAQAAAAAAAApCAAwAAAAAAABQEAJgAAAAAAAAgIIQAAMAAAAAAAAUhAAYAAAAAAAAoCAEwAAAAAAAAAAFIQAGAAAAAAAAKAgBMAAAAAAAAEBBCIABAAAAAAAACkIADAAAAAAAAFAQAmAAAAAAAACAghAAAwAAAAAAABSEABgAAAAAAACgIATAAAAAAAAAAAUhAAYAAAAAAAAoCAEwAAAAAAAAQEEIgAEAAAAAAAAKQgAMAAAAAAAAUBACYAAAAAAAAICCEAADAAAAAAAAFIQAGAAAAAAAAKAgBMAAAAAAAAAABSEABgAAAAAAACgIATAAAAAAAABAQQiAAQAAAAAAAApCAAwAAAAAAABQEAJgAAAAAAAAgIIQAAMAAAAAAAAUhAAYAAAAAAAAoCAEwAAAAAAAAAAFIQAGAAAAAAAAKAgBMAAAAAAAAEBBCIABAAAAAAAACkIADAAAAAAAAFAQAmAAAAAAAACAghAAAwAAAAAAABSEABgAAAAAAACgIATAAAAAAAAAAAUhAAYAAAAAAAAoCAEwAAAAAAAAQEEIgAEAAAAAAAAKQgAMAAAAAAAAUBACYAAAAAAAAICCEAADAAAAAAAAFIQAGAAAAAAAAKAgBMAAAAAAAAAABSEABgAAAAAAACgIATAAAAAAAABAQQiAAQAAAAAAAApCAAwAAAAAAABQEAJgAAAAAAAAgIIQAAMAAAAAAAAUhAAYAAAAAAAAoCAEwAAAAAAAAAAFIQAGAAAAAAAAKAgBMAAAAAAAAEBBCIABAAAAAAAACkIADAAAAAAAAFAQAmAAAAAAAACAghAAAwAAAAAAABSEABgAAAAAAACgIATAAAAAAAAAAAUhAAYAAAAAAAAoCAEwAAAAAAAAQEEIgAEAAAAAAAAKQgAMAAAAAAAAUBACYAAAAAAAAICCEAADAAAAAAAAFIQAGAAAAAAAAKAgBMAAAAAAAAAABSEABgAAAAAAACgIATAAAAAAAABAwNk2aQAAIABJREFUQQiAAQAAAAAAAApCAAwAAAB7a9Mrea5mZf64qbMLAQAA4INOAAwAAAB7ZXOe+OdxGT9lcj75z0+mLRnw249MS/+jBqX/7JUdXh0AAAAfLAJgAACAont3TRbeMSPnnDasHDoeNSgDR52Vc2Y8kOfe7eziOtamFx7JbTMm57KfvtOBV+mWQaM+ke7pllNHDUz3pu2b8+Ijd+SySTOysLYDLw8AAAAVDujsAgAAAOg4ry76Rs6//JH8sdn2LbVrsvyna/L4xCk5YUinlPY38cfHvpE5P01GD+vY6xz+mTuy8jPNt76cR2fem4UZlREde3kAAABoIgAGAAAoqFcfmZZPzlyaLemaYyZcm5svHZdjDu5a7tzyTl5cdEeWf6hzawQAAADalymgAQAAiujdJ3Pbt8rh7+hZP8vPZp21LfxNkq69csxZ38oFH6s45v13snxu5VTRw/LJKbOyYM3mZidfmRuPGpT+R03Lgtc357l5MzJ+2KD0P+r4DJt2b5a/vf3ez80uTzs99ZHXsmnlvFw2YVjDNNTTMufpVqZmbqhj/KjjG/abnG8+siab3m+566Y1i3Lj9HH5WMXU1t9cvDmpfSRTjxqU8XPL+y2ZOap8Txc8krdbnqZp//5HzcqSLRXbX5mXTx81KP2PuiXLK67/9k/L7/D99A9eKa83e6dveX1yypdfmq+PanwGrdzvn5bmxmmjMvCoQek/bHK++cgr2dJyr+00Xa/5/TTdx7QsqJh2essfFuXG6Wdl2McGNT3Tyxa9tourAAAAsD8SAAMAABTQq794IAvfS/Kxq3L1WYft+oD3Vua2z30i58xelOXvHpxjjh2YYwZ2zas18/L1M0dl6iOthYVv5/FvTco597ycLYcOzMEHbsnbi+/IOV+4Ny+2Eta+/eSsjP/SPXn5r4flmOqu2VK7NLed96XMWdNaHU/m1UFnZfr0yRmeNfnBzLMy/raV2wWjrz4yLcPOnJG5T76S9B+YY44dmCN7Jf+xaUty4BEZM/3CnNEQcB8+dnKmT78w08ceka5pRfXxGXNskizNi69U1Py7pXkxSfJknvtD49YteXHl0iSH5bSh/Vt9nF37jsr06eNyQpLksIz+woWZPv3CjOnb7Op/uCdTz7wqS946OEf275a8uzI/mHlWbqzZVQS8G9bcm0+Pm5G5T76Wwz85JdOnT8mp1S9n4eqOfC8yAAAAncUU0AAAAIWzOatXlEeiHvPpk3JkG6Z5fvGBGZmzZku6jv1W/uecs3J4wzGbam7Jp6c8kCXfujNPjJ2dUw+qPGpNlnefnaVPjcvBH0ry+iOZOuYbWfLKI1nyhwtzzMBm13i6e25/cmnOODjJ+69lwYWfzNeXvpIFS9dk+sDyzi/+4NrMWbMlJ8xclIenNISrX/5Ebjx9SubOnZ0FE+flCx9N8sq8fHXm0mxJ/3xh7vfyL6N6NbujXvnCpR/LMVvuzcKVyRGfmJYrzmq+T6X+OeHUw5IXXsuy51/L9IGHJdmc52qWJscOzDEvrMmzq99JBvZK8kpe/D+THPiJDD+q9bN1HzI5VwwZlBvnLMpz6Z/TvnxpJlS3suPS13LkQ0tz/5CuSbZkyT+flKnztuQHT/42V48c1XpYvZue+5/35I9Jjpn50LZneulVueJPAmAAAIAiMgIYAACgcLbkPzaVWwcf2H3Xu7+/Mo/+62tJBubqGdvC3yTpPnJKpo9K8t6i/OLp5lNBD8zV0xrC3yQ59L/ltFFJ8lr+r/XN902OuWJaOfxNkg8dljH/NCpJ8ura17KpsY67X0kyLl8+q2Jk7YHDcto/JcnKPPW7cmj54pPfy3NJDr/0llbC3z1zzNBPpGuS5U+vKdez5XdZtigZ/fnJGZ5kyfOryyOQa1fn2deTfGZYjtnbdyj/07RcPKQx5u2a4WPPKjdfezub9vLUjbr+p/JD/+Nvn86LFSc9/KPt89wAAADYtwiAAQAACmzL+//frnd6++X88b0kOSnHtJjRuFeObBjluum95tMSH5yuB7Z+ypb77iSM3rSpHKw21bEoFw0d1PAe4vLS+C7fvJ8k7+TFZ8pTUp86ZGBrZ9wzxw7LhCRZvDJ/fD/JC7/NggzMmKGfzJBxSX76u7yYZMsf1mRJkjOGHb/3I3QPPSyVT6XrR9pjzO/2jjnzqkzon2xZPCufHjosn5x+b5a80jKgBwAAoBhMAQ0AAFA4vXLkcV2TpVuyvGZlNk3YPmTc930sZ0wflsNb6endtzxVcpP/rR0v2/X4jBiX/GDR03nxT0n31U9ny6GfzAn9u6X3yFHJoqV58ZVLk989kmRURhzfrR0vvpt2Z+Rx9Sdy88+XZsJPH8hdd8zLkifvyNQn78nom36W+9vyfmgAAAD2KwJgAACAAjrh5Gk5fM4defUXd+auCf8tV4/cSVh58GE5MsmSPJ0XX0lO2G4U8Dv54x/KrcMP7uDA86CDG0Lf7hkx8f9n796D9LoL/E5/z/u+fVFLalmSJcuWZRskCEI22BYz5jK2IWAMsTNDhRlTxcImMCRbu1tbk1SGqQwFm62a1M6GXNnKLDVTXtgwgRQkJBMwMMAAHg/DLVw8Blk22DK2ZCzranWrW939Xs7+0bq0Wi31Xd195nmqXvq85z3veU93lTnd56Pf71zknrlJku5sPt0tv/3IvmT3BcOW52htbj0der/xyMPp+fO96Xnrh7IrSV5+S7blI/nB4w8nfz6a3HhHbr3o8S2+Tdu2J3koGUvOG+PdPi+Pn1O/Mre+/f352Nvfn8Nf/Wf59f/1U3nwd/+/PHjvB/P6hR90DAAAwBIyBTQAAEAV3fjOfODeniQHcv973pT/+f6Hs394wuvDB/LDT30o9z+cpH5z3vDuniR7839++LPZ3z632cB3Pp77H0rS98685bZFLoU9t+Ut7+5J8lDu/8R3MzDhONI+kgc/9dUcHt8wr7nrnelJsucjH84f/3RC8hx4OF/+yyMX7PrJg4dndAibbrkju5I8+NCn8q2HkvtefXqK6Zfelrv7ks999VP5wU+SbXffkh0z/sb25fCFhzQ/67eOh+nvfDXffvbMytH88JMfz7cnbXr46QPnPd/0qpvz8iTJQEanrMUAAACsZEYAAwAAVNLa3P0vPp//q/32/JMvDebLH35nvvzhC7d633/8vSQ9ec0//nje95fvzP1f/1DufO3Hs2trT9I+nCf2HsloXpz3/b/vz2sWfaRoT17z3g/m9Z/9UB68/z257YGdef3fvCM7si9f/tJX88RNv5fvvvP0lq97fz75vu/k1+9/KP/03lfn3+18cTbXk0P79mbXhx7K3af3uOPldyX5avZ/5O/lzV+7Nj073pOPffjebLrYIbz4lrxla7LngQfyudybj958+puub8/uv5nc/8AD+Vx68r5XzeTew9tz41uTfOlA/tVv3ps/3dqT7e/9w/zbe6+czw/p9HHekftuTv7pww/ln9xzR/74xZuS4QN5on97diXZM2HT/Z9+c+544I7c9/ad6c9g9nz2s3kwyY73vTOvX1lzgwMAADADRgADAABUVf3a3PeR7+a7H/9g3n3XzmzqO/PC2uy48a687/c/lb9/8+lVfTfnA194KJ/8rbuyq+fZ7PnJ3ux5Otn1tvfnkw89kA/svkzzBG99ez721Y/nA2+7Of0De/PlT/1h/uBLT2bTne/PJ//Z2yeE257c+jufzVf+9Xty94u7c3jv3uzZdzibX/db+ft3nAus/W99fz76zpuzqW8wT/xkXw719efS38nOvOatp7e447bcejaQnp4eOkny9rz2xpl8M2vzq7/zkbx795XpOb4ve/Ydzrq+hfo5Xpt33/+pfOCuF6d/+Ej27Ducnld/KF/5F2+/IG5vevm9uXX9o/nMH/xh/uAPPps96+/I+/71Z/Of//HN0/wsAAAAWImKsizLpT4IAACooql+1Z687szzsiwvWJ7q0el0LljudDpnl7dsWcKbkgKwYh08eDBFUaRWq6VWq51dLoriguWpHkkuWJ5o8vOLrQMAAObPCGAAAAAAAACAihCAAQAAAAAAACpCAAYAAAAAAACoCAEYAAAAAAAAoCIEYAAAAAAAAICKEIABAAAAAAAAKkIABgAAAAAAAKgIARgAAAAAAACgIgRgAAAAAAAAgIoQgAEAAAAAAAAqQgAGAAAAAAAAqAgBGAAAAAAAAKAiGkt9AAAAAMDslUk67U6GTjXz458+n+/+1bPZ++ShPPv8YAZOjiZJ+tf0ZOtVa7Nz++bc9sqtuemlV2X1qq7U6rUUS3v4AAAALJKiLMtyqQ8CAACqaKpftSevO/O8LMsLlqd6dDqdC5Y7nc7Z5S1btiz+NwYsuWazneeOnMw3vvNUvvDgT/PcocF0pvnzvlYUuXrz2tzz+pfmDa9+Ua6+ck26uuqX6YhZ7g4ePJiiKFKr1VKr1c4uF0VxwfJUjyQXLE80+fnF1gEAAPMnAAMAwCIRgIGF1inLDAyO5ls/2p/PfPEneeKZo5ntX/VFkey4bmPu+1s35rW3bEv/2p7UhLi/9gRgAACoDlNAAwAAsOSanTInxjoZGOtkuFWm1Rmvmo1akb5GkXXdtfR319JVu3zBqN0ppx1VezG1okh9gY+10ynz3OHB/LevPZbPfe3xDA6Nzmk/ZZn87Omj+b8/8Z38/Nnj+bU3vixXb1qb2mX82QIAALB4BGAAAACWTLNT5rnhdh47PpbvHxrJnmNj2X+ylYFmJ0nS31Vk25qu3LixO7s39eRl63tydV99UUNwu1PmC4/8Il/58cEMjbYylwTc06jlzpdtzt+59dr0ds9/muVOOR5/P/3Fn+TzX388Y832vPc5ODSa//SlPRkZbeUdf+vGXL15rZHAAAAAFWAKaAAAWCSmgGbJdTrjj3Z7/HHm+ZlHktRq5x5FkdTrSaNx7vkiBsGBsU5+eHg0X3j6ZL51cCQDY51Lbt/fXctrt/TmnuvX5NZNPenvri34MY2MtfPAD57KTw4czXj5ndv3X6ZMmeTqK1bnN16zI1eu7Z3Xcb0wMJJPPfBI/tOX9ixI/J2ou6ue33jrrrzz3lfkiv75HScrlymgAQCgOowABgAAqIrjx5Pbb08GB5OhofFHqzUef2f6b38nRuC+vmT16mTt2uQv/iLZsGHBDvXYSDtf3j+czzwxmH0DzXRmcHgDY518Zf9wnjjRzH071ububX3Z0Dv/0bUTfW/f4XzlsV/k2cHhOU//nIy341pRZMMLw7mif3Xu++Ub5jwldLPZzrd++Ew+97W5j/zt7W5ky6Y16V/Tk3r9XDh/7tBgDh8byue+9nhu2Lo+d732xenqWtifKQAAAJeXAAwAAFAFTz6Z3HRTcurU/PZTluPRuNVKRkaSY8fG12/dmjzySPKSl8z7UAfGOvny/uF84vGBHDjZmtV7O2XyxIlmPvH4QMpOJ/fcsCbrehYmWLbanTxy4HieOH7y9Pjd8RGKPfVaxjqddGZSqSc5MHgq+46cTLPdSb02++Mskzx35GQ+86WfzOmev7VakRu2XpE7f/mGvPSGjVnfvyr1+rkQ/Sd/9li+/u19GRwazWe++JPc+NLN2Xb1ujmOewYAAGA5EIABAACq4F/+y/nH30sZGUl+//eTj31sXrtpdsr88PBoPvPE4Izib71INvbUMtYu80LzXIA9cLKVTz8xmCu7y9y5bW16GvOPwK12OyeGR9LulKnVkk1revPbd92YV167Id984vn82288mpMjzVntsyzLDI+1055DPE6STruTr397X5545tis31sUyUuu35Df/I3duXXX1VnV03XBNt/8wTOpnR6Z/MQzR/ON7zyVd/3qK84bJQwAAMDK4i86AACAla7ZTD796cX/nP/yX5KxsXnt4rnhdr7w9MnsGxgPqfXi4n+YXtlbyz98xbr877+0Mb9zy/q84arubGyU2VxrpzPWzFOD7Xz+qcE8dfRkOp1L3z94JlqtdkYnfH+7r9uYm7ZuSHejkTtfuiXXruub037b5ZnxxLM3dKqZL/75z2Y8g/dEq3q78t5fvzWvuXnblPF3srJMvvDgTzN0anaRGwAAgOVFAAYAAFjpBgfH7/+72E6cGH/MUbNT5rHjY/nWwZGz9/x9wzWr8sZrerKmceGkw+95WX/ue0l/7tzal7fcsCb/8OYN+bsvWpUrBgZSHB9Ie6yZ7x/r5JHnT2ZgaDjlPO7ZmyStVjNjEwLwkaHRjDTHRym/MDyWk6Ozm646ScqUc4q3Z/z4p8/nuUODc3rvq195bW57xbVnR/hOZfIrzx0azI9/+vycPg8AAIDlwRTQAAAAK93AwMy3/ef/PPnGN5I//dO5fdaJE8mmTXN761gn3z80koGxc6N1d23syZuvXZVXPTucLz0zlD0vNNMsx7PkvTesSV9j/N8td9WKXNffnddt7cuefY088szhFJ1OBov1eeSFWl45MJzuei2rVq1KUcztDratViujo6NpNtvp7q7lB88cye/+yQ+ye9vG/Penj+TZE0MpiqR2ev9lmXTKMo1akd6uRsqUGWm202x10mq2MzbWzPGjJzO0ccOcjidJvvfIsylTZi7f0htuuyFdXeemxj410sxj+w6fN5303n2H02p3zu6/TJnvPfJsXnfrdXM+ZgAAAJaWAAwAALDSDQ/PfNsbbki++MXkm99M/sE/SB5/PLMaojqbz5pkYKyTPcfOn0L62ZOt9DRqeduO/rzhujU5dqqV54dbOdnsZF3P+ZNW1WvJviPDefDxI2m1WilODKRo1PLYuvUZbPZkdHQ09Xo9PT09czq+TqeTkwPDeW7/kaxe3Z1feunVuWPHljTqtbxp59YM/Ggs/au686aXXZMkOXZyND88cDSvf+nVuX7D6rQ7ZQ4cH84nvv7j7H3qcFqtdlLUMvcJoJO9Tx6e83u3X3d+eN7/3Il87D//KE/uPxeAR8daabbaC/aZAAAALD0BGAAAYKU7dWp22xdFcvvtyd69yb/5N8nv/d7Mp5AeGZn98Z023Cqz/+T50ygfPdXM80PNbNjYm6tXN7Klr5G/sWF82uT6pGGvZZmcONXK0eFm0iiSImmfHMz+w/WMtftSFEVarVZqtVq6uqa/5+1kZVmmLMuMjbYyNjKWq7ob+Tu33JCernrKssx//eZj6V/Vnd/Y/eIkyamxZt4ysDXbNq6dMCq4zI71ffmf/p+v5NDASJJivK/PsQE/+/xALpyoeWZ6us//k//USCvPHT6ZgZOT7+N8/v7HPxMAAICVyj2AAQAAVrpmc+7v/Uf/KDl0KHnXuzKjeYbn8VmtTpmBZue8dbV6Pau7G+k6fZ/aokgatSJd9QuPZbjZzpGhsaRRpKjXUmvUkqLIiRMn02p30mg0UqvV0ul0LnjvTE28j3A54X+TZGjwVI4fPXc/3lXdXdm6fnWODpzKWLN9+viL7Lruyrz+xoWZQnlwaCxFkTk9JnfjMkmKctr3DQ5NDsQAAACsJEYAAwAAkMxhxOxCePDZ4WzureU9O9flqr5Gapdo0MeGmvnp4aGz8beo15LTXxuNRur1emq1Wmq1uf1b55nNhH3uANudMn/6g6fyR1/5q7zhpm353+59VRr1WlZ1N3LDVWtTK5JO5jz4d/zTZjH4967Xbc8NW684+/2v7es+7/VrNq/Ju/72KzM0ci7i//dHDuQnPzt0NmDP9jMBAABYfgRgAACAlW4+8fajH00++MHk2LHpt53nZzVqRfq7ajk+ei42tsvkGweGM3BiOO/atT47N69OfYoK3CnLPHV0KN/b/8L58bdRz7rV3enuOhd/izkWzPKCAnzpdDvSbOUrf/V0fvjU4RwZHMk7bt+ZazasTVEU6evuTr1WpNNJUs79LsD9a3oyMDg6o21v3319fmX39Wk0pg7gmzeuydvu2nn+9zDSzE+fOprmhJHZ/Wvmdg9lAAAAlgcBGAAAYKVbtWr27/ne95L3vjd59NGZDn0d19s7+886ra9RZNuaxnkBOEletqEn79jZn+v7G1OOPi3L5MALI3ng0UM5fKp1Xvwt6vVsu2JV1nQ3zsbfhQvAl95PWZZpd8okRdqdMqNjFxtFW8zxLr7Jti39eXTo8Iy2ndO3XSRFrUgxoRlv29I/hx0BAACwXLgHMAAAwErX1zfzbffvT+65J7nttmTPntnF39l+1iTrumu5ceP50xKnLPPN507low8fzV/+/ERGW53JL+f5wdH8yY+fzxf2Hrkg/haNem7avCZXrOo6G3/nGoDnZ6rPPLNu7iOAd27fnFpRzOgxXnNnedRT7Gfn9s1zPFoAAACWAyOAAQAAVrr+WYzY/O3fnt9nrVs357f2d9eye1NPHvj5UAbGOqkluaIr2bG2kVs2r8r2TX3pqo//O+WyTF441cxTR4fzxb2H8umHD6aZXBB/1/X15FXXrMkVvY2z8Xeu9wDudDrTbzQr46OD53MP4F+6aWs+/43HphidfKFjJ07l2YMDqZ/+GV69ac3Z5SQZHWvl2IlTabfP7evk8FhSJPX6eDkuiiK/dNPWeRwxAAAAS00ABgAAWOnWrk2uuCJ54YXF/Zx16+YVgLtqRV62viev3dKbr+wfTpFkY3ct27vb2dgcyc8PtvOLwyfTLpPB0VZ+dngoD+07lkcPD50/8vd0AK53NfK6bf3ZuXFVuuq1ecXf5MIpoKceTDubnFvM/i2T7HrJ5my9qj+/ODQ47bbf+N5TeeTxg2dHQP/W//jqrFt7bsrug0dO5k/+bG9OTLin8DO/eCHtTufsz+2azWuz6yVGAAMAAKxkAjAAAMBK19WV3Hdf8kd/tLif87a3Jd3d0293CVf31XPP9WvyxIlmnjjRzM+GOtn73FBy9IWsKdtZ1VWkWSYvjDYzWia1Rm3K+Fs0Gtm+oS/3bF+Xa9Z0nb3/73zUaue///CJ4fzoyefT1agnZZmTI8101Wv54RMHUyY5NdbK8cGRJMlYq51HnzmS4yfHnx84PHg6KM9vBHDfqq7cfftL8h/+28PTjgJ+8umjeXLC89GxV533+uDJ0fzo0edy+NjQeeuLJI36+Ojpu2/fkb5VXfM4YgAAAJaaAAwAAFAF739/8sd/nJw6tTj77+1NPvCBee+mq1bk1k09uW/H2nzi8YEcONlKo391WkWRY88fTefEaFJPinrtkvH3uiv68o6Xbcitm/vS3agvyH1/G7VauooyRcYH7T6450C+/+TzZ19/YWgktaLIb/67L6c8vc3gqbEkydGTI/nd//DN1GvF6TjcTKvTSYr6bG/Le556rcgdu6/Pdx5+Jk8dOD6PPY1P79yo19JoTD1K+kXXrs/tu6+/IIQDAACwsgjAAAAAVbBjR/L008mddyaDg8nQ0HgMbrWSdnv8prozURRJvT7+6OtLVq8en2L6wQeTzQszNXB/dy13b+tLWZb59M8G89RgK421fUmRNI8cT9kcTVGfOv7Wu7qyfUNf3vGy9Xnz9WvP3vt3IXR1NbJ5dZGuWpmxdjLSbGek2Z60VZnDp0f9TtTplDk2NDppbZGiSLas7Up3be7jgDdtXJ1fe+PO/Pv/+qPxe/bO0OSfS1EkjUZtfETzJGv6uvNrb9yZzRvXzCtYAwAAsPQEYAAAgKrYtCl59NFzzzudpNkcj8DN5vjzTudcFE7Oxd56PanVxqeTbjTGvxbF+GMRbOit557rV+fK7jKf3zeQ7x/r5OTavhT1WprHjiftZlI/P/6u6+vJ67atzT3br8itm/sWNP4mSW9vb27Zti5/9uih/PxEZ0FC6PqeMjuvaKfstJPMbWrlrkYtu3ddk+cOD+bL33wizdbkKD0zRa1IV1c93d3nB+CuRj1v/pUd2b3rmnRdZHQwAAAAK4cADAAAUFW1WtLTM/5Yhtb11HPntWty3arkkUMn88jxTh4f7MuzvfUcP/pC0mll3eqebLuiNzddtSavunpNdm5clWvWdC3YtM8T9fb2ZvfLt+d/OHgwn390IPtHe1OWZ4JomXLC3XzL03m4SJEU468WOTfQukiZ/pzK3deV2bV1Xbq65ndf3bWru/Om12xPu9PJX/zg6TQvGJl8ock/nlpRpLu7np4JAbirq57bd1+fN71me9aunt/9nQEAAFgeBGAAAACWTE+jnpduWpurVtXyyvWnMthKxtKXVqs/jVot3V31rOlu5IpVXbmit5Guei21Wm3B42+S1Gq1XHvttfnVN/5Kdlz9aA4efD4DgwNptVopy07KcuK0yuOl99zM2mXKMilPr+jqamTLVVvyyle+Itdff31qtfmNrC2KIldu6MtbfuUlWb2qO3/5o6czfKo57XvO//6K9HbX09szfimgb1VXXnfL9bl99/XZuL5vUX6mAAAAXH4CMAAAAEuqVqtl3ZrV6e1qZGRkJEVRpNHoTb1eT612LvgWRbFo8XfisWzbti1btmxJs9lMq9VKp9NJWZYpy/LsZ58JvWfWnXn9zLpGo5He3t709PTMO/6ePbaiyJXr+/Lm1+3I1qv68+D3nsqzhwYuenvnyT+m8Z9rPV1d9Wzd3J/X//KLsmvH5qxe1SX+AgAAVIgADAAAwJKr1Wrp7e1NrVZLs9lckvg7UVdX17ynbV4MRVFkTV93du+6Ji+6dn1+tPe5fPeR/Tn6wqmzAfri702uXN+X195yXW7ZeXU2rFuVRt09fwEAAKqmKKf7CxEAAJiTqX7Vnrxu4ojByctTPSaORDyz3Ol0zi5v2bJl8b8xWGTNZjPtdjv1en1J4u9K0umUGRltZd+zx/PYvsN5+hcncuT4UIZHmvk//pc3ZP26VWe3bXfKtFrtdDXqqdX8LDnfwYMHz/63dua/t6n+AcbFHkkuWJ5oqv9+/TcNAACLwwhgAAAAlpXlOvp2OarVivSt6sqNOzbnxh2bL7ltvVak3u0yAAAAQNWZ6wkAAAAAAACgIgRgAAAAAAAoUAr3AAASFklEQVQAgIoQgAEAAAAAAAAqQgAGAAAAAAAAqAgBGAAAAAAAAKAiBGAAAAAAAACAihCAAQAAAAAAACpCAAYAAAAAAACoCAEYAAAAAAAAoCIEYAAAAAAAAICKEIABAAAAAAAAKkIABgAAAAAAAKgIARgAACqgKIqlPgQAVjjnEgAAqAYBGAAAAAAAAKAiBGAAAAAAAACAihCAAQBgBTE9JwCXm3MPAACsLAIwAAAAAAAAQEUIwAAAAAAAAAAVIQADAAAAAAAAVIQADAAAy8Rs77HonowALBbnJAAAWLkEYAAAAAAAAICKEIABAGCFmTzK6sxzo68AmKuLnUucWwAAYOURgAEAYJkqisKFdwCWHecnAABY3gRgAABY5lxkB2C5cE4CAIDlTwAGAIDLaKEvnJv+GYCFsljnFOcoAAC4vARgAABYhqa7B6OL6QAsNuciAABYmQRgAABYIVxoB2CpOAcBAMDKIQADAMAKNXmqThfnAZgr5xQAAKgOARgAAJaZS110d0EegMvNeQkAAFYWARgAAJaB2VxAn7itkVoALJSpzilzPT8BAABLRwAGAIAVSAQGYCHNN/4CAADLhwAMAACX2UJdXHdhHoDFslDnJ+cqAAC4/ARgAABYRqa6UF4UxdnHbN4HALMx3XnmYuci5yAAAFheBGAAAFgk870gPtWF9snrJj53AR6AuZp4LrnYeeZS6+b6eQAAwMITgAEAYAWa6gI9AMzHdOEXAABYGQRgAABYRHO9eD7T94nAACyEuZxPFvscBwAAzE1jqQ8AAAAYVxRFyrK86GsTTdzOhXQA5uti9/iduN696AEAYGUwAhgAAJbYVBfbL/X8zLqZXJAHgNmY7vwyl3MWAABweQnAAACwBBZ6ek0hGID5mM15ZLGniAYAAObHFNAAALBMTZ4SeroL6RebPhoAZmLy6N9LjQYWdwEAYPkyAhgAAJaRi11Qn8mF9kvdQxgALqYsyxmfZ2azHgAAWBoCMAAALAOXGlk11WsXe7RarctyvABUR6vVmtPIX6OCAQBgeRKAAQBgicx2tNV092csiiKjo6NGAQMwY2VZZnR0dNrzy6XC78XeAwAALA0BGAAAlpkzF80vdrH9UiO02u12hoaG0mw2hWAALqosyzSbzQwNDaXdbie59PnlzOuTl4VeAABYfhpLfQAAAMC4i93Dd+L6ydtMdeG93W5neHg4ZVle8EhywfJUXycvX2odAItvqv+/v1SQnfh18vLkuDufaZ+nWw8AAFx+AjAAACyyi4Xd6V6b/Prk5SQXPD+jLMspL+BP3tdUX6d6/8U+Z+JrACyM6aZjvtjz2Ubgyc8vdduB2UwBPZvjBwAAFp4ADAAAl8F0oXfydlON9J0u0M70ovp8Rhpf7H0ALK6ZjgCeuDw59E5cN9vnUx3DbKeBdr4AAIDLQwAGAIDLZKYRePL2U0Xhi40GvtTUnJM/e6b7PbPvyesuxahggJmZbRRdyKmgL7U80/3O57gBAIDFIQADAMASu9ho3+m2nyr8TjcSeDYjiy92r+GZjmQGYGHM5L67l1qeLgZPtW6mofdSU1IDAABLQwAGAIBlYLppmWd7z96LrZvp551ZPrOfydsAsHSmi66XGgU8+etM1031dbrjAgAAloYADAAAy9BU0zJPF4HPmOn9gKeKyGfWT/V84v4BuHxmGlxnO33zXKLvxT4DAABYPorS1RsAALisLvUr+OTXJj4/s7xQX6f7vJkcLwCX33T3AZ78fLZxdy7xd7rbDwAAAJePAAwAAEtgphH4YoF2NnF3uvA7kwg83TEDsPgWayTwpV672LTPMx0JLP4CAMDlZwpoAABYAhe7B+9Mt5vpNNAznQ56pp95KQIxwPzMJZZONxp4IWLwXI9T/AUAgKVhBDAAACyRuU4FPfH5pUb8znT5UsfizwWA5WmhRgNPXJ5JBDb1MwAALH8CMAAALJHpfhWfTwS+1PJMns/mOAG4vGYTXRcqCM/k+WyOEwAAWDwCMAAALKHZhtdLhdv5jPYVgAFWjtmOup1PBJ7Nfmf6GgAAsLgEYAAAWEKzHQU81bqZRuGZ7m8uxwnA5TGTsDqfCDyT5zM5DgEYAACWjgAMAABLbCEi8FTrFuo+v/5kAFhe5hpfFyr0ir8AALC8CcAAALAMzHUU7nxG+Aq/ACvbQoXgqdbNJfzOdBsAAGBxCcAAALBMzGcq5oUKv/48AFiZ5nI/3tlEXvEXAABWDgEYAACWkfnej9doX4C/3hZyVPBM9znTbQAAgMtDAAYAgGVmpr+izzX2zuYzFup9AMzPXAPrfOLtTD9T/AUAgOVFAAYAgGVoNr+mL9ToXn8aAKxsCxVsZxN0xV8AAFh+BGAAAFimFjICz3VbAFa+xQq64i8AACxPAjAAACxjc/l1fbbv8ScBQLXMNszOJeSKvwAAsHwJwAAAsAK4Zy8AC2kx7ykMAAAsLQEYAABWmPn8Cu/Xf4C/nuYTbkVfAABYWQRgAABYgRbq13h/DgBU00JFW/EXAABWHgEYAABWqKX8Vd6fEQCXx1IGWPEXAABWJgEYAAAqwq/2AMyH4AsAANXQWOoDAAAAFsaZC/dCMACzIfwCAEC1CMAAAFAxEy/ki8EATEX0BQCA6hKAAQCgwmZ6gV8oBqgGYRcAABCAAQAA00cDrHDCLwAAcIYADAAAnCUgAAAAAKxstaU+AAAAAAAAAAAWhgAMAAAAAAAAUBECMAAAAAAAAEBFCMAAAAAAAAAAFSEAAwAAAAAAAFSEAAwAAAAAAABQEQIwAAAAAAAAQEUIwAAAAAAAAAAVIQADAAAAAAAAVIQADAAAAAAAAFARAjAAAAAAAABARQjAAAAAAAAAABUhAAMAAAAAAABUhAAMAAAAAAAAUBECMAAAAAAAAEBFCMAAAAAAAAAAFSEAAwAAAAAAAFSEAAwAAAAAAABQEQIwAAAAAAAAQEUIwAAAAAAAAAAVIQADAAAAAAAAVIQADAAAAAAAAFARAjAAAAAAAABARQjAAAAAAAAAABUhAAMAAAAAAABUhAAMAAAAAAAAUBECMAAAAAAAAEBFCMAAAAAAAAAAFSEAAwAAAAAAAFSEAAwAAAAAAABQEQIwAAAAAAAAQEUIwAAAAAAAAAAVIQADAAAAAAAAVIQADAAAAAAAAFARAjAAAAAAAABARQjAAAAAAAAAABUhAAMAAAAAAABUhAAMAAAAAAAAUBECMAAAAAAAAEBFCMAAAAAAAAAAFSEAAwAAAAAAAFSEAAwAAAAAAABQEQIwAAAAAAAAQEUIwAAAAAAAAAAVIQADAAAAAAAAVIQADAAAAAAAAFARAjAAAAAAAABARQjAAAAAAAAAABUhAAMAAAAAAABUhAAMAAAAAAAAUBECMAAAAAAAAEBFCMAAAAAAAAAAFSEAAwAAAAAAAFSEAAwAAAAAAABQEQIwAAAAAAAAQEUIwAAAAAAAAAAVIQADAAAAAAAAVIQADAAAAAAAAFARAjAAAAAAAABARQjAAAAAAAAAABUhAAMAAAAAAABUhAAMAAAAAAAAUBECMAAAAAAAAEBFCMAAAAAAAAAAFSEAAwAAAAAAAFSEAAwAAAAAAABQEQIwAAAAAAAAQEUIwAAAAAAAAAAVIQADAAAAAAAAVIQADAAAAAAAAFARAjAAAAAAAABARQjAAAAAAAAAABUhAAMAAAAAAABUhAAMAAAAAAAAUBECMAAAAAAAAEBFCMAAAAAAAAAAFSEAAwAAAAAAAFSEAAwAAAAAAABQEQIwAAAAAAAAQEUIwAAAAAAAAAAVIQADAAAAAAAAVIQADAAAAAAAAFARAjAAAAAAAABARQjAAAAAAAAAABUhAAMAAAAAAABUhAAMAAAAAAAAUBECMAAAAAAAAEBFCMAAAAAAAAAAFSEAAwAAAAAAAFSEAAwAAAAAAABQEQIwAAAAAAAAQEUIwAAAAAAAAAAVIQADAAAAAAAAVIQADAAAAAAAAFARAjAAAAAAAABARQjAAAAAAAAAABUhAAMAAAAAAABUhAAMAAAAAAAAUBECMAAAAAAAAEBFCMAAAAAAAAAAFSEAAwAAAAAAAFSEAAwAAAAAAABQEQIwAAAAAAAAQEUIwAAAAAAAAAAVIQADAAAAAAAAVIQADAAAAAAAAFARAjAAAAAAAABARQjAAAAAAAAAABUhAAMAAAAAAABUhAAMAAAAAAAAUBECMAAAAAAAAEBFCMAAAAAAAAAAFSEAAwAAAAAAAFSEAAwAAAAAAABQEQIwAAAAAAAAQEUIwAAAAAAAAAAVIQADAAAAAAAAVIQADAAAAAAAAFARAjAAAAAAAABARQjAAAAAAAAAABUhAAMAAAAAAABUhAAMAAAAAAAAUBECMAAAAAAAAEBFCMAAAAAAAAAAFSEAAwAAAAAAAFSEAAwAAAAAAABQEQIwAAAAAAAAQEUIwAAAAAAAAAAVIQADAAAAAAAAVIQADAAAAAAAAFARAjAAAAAAAABARQjAAAAAAAAAABUhAAMAAAAAAABUhAAMAAAAAAAAUBECMAAAAAAAAEBFCMAAAAAAAAAAFSEAAwAAAAAAAFSEAAwAAAAAAABQEQIwAAAAAAAAQEUIwAAAAAAAAAAVIQADAAAAAAAAVIQADAAAAAAAAFARAjAAAAAAAABARQjAAAAAAAAAABUhAAMAAAAAAABUhAAMAAAAAAAAUBECMAAAAAAAAEBFCMAAAAAAAAAAFSEAAwAAAAAAAFSEAAwAAAAAAABQEQIwAAAAAAAAQEUIwAAAAAAAAAAVIQADAAAAAAAAVIQADAAAAAAAAFARAjAAAAAAAABARQjAAAAAAAAAABUhAAMAAAAAAABUhAAMAAAAAAAAUBECMAAAAAAAAEBFCMAAAAAAAAAAFSEAAwAAAAAAAFSEAAwAAAAAAABQEQIwAAAAAAAAQEUIwAAAAAAAAAAVIQADAAAAAAAAVIQADAAAAAAAAFARAjAAAAAAAABARQjAAAAAAAAAABUhAAMAAAAAAABUhAAMAAAAAAAAUBECMAAAAAAAAEBFCMAAAAAAAAAAFSEAAwAAAAAAAFSEAAwAAAAAAABQEQIwAAAAAAAAQEUIwAAAAAAAAAAVIQADAAAAAAAAVIQADAAAAAAAAFARAjAAAAAAAABARQjAAAAAAAAAABUhAAMAAAAAAABUhAAMAAAAAAAAUBECMAAAAAAAAEBFCMAAAAAAAAAAFSEAAwAAAAAAAFSEAAwAAAAAAABQEQIwAAAAAAAAQEUIwAAAAAAAAAAVIQADAAAAAAAAVIQADAAAAAAAAFARAjAAAAAAAABARQjAAAAAAAAAABUhAAMAAAAAAABUhAAMAAAAAAAAUBECMAAAAAAAAEBFCMAAAAAAAAAAFSEAAwAAAAAAAFSEAAwAAAAAAABQEQIwAAAAAAAAQEUIwAAAAAAAAAAVIQADAAAAAAAAVIQADAAAAAAAAFARAjAAAAAAAABARQjAAAAAAAAAABUhAAMAAAAAAABUhAAMAAAAAAAAUBECMAAAAAAAAEBFCMAAAAAAAAAAFSEAAwAAAAAAAFSEAAwAAAAAAABQEQIwAAAAAAAAQEUIwAAAAAAAAAAVIQADAAAAAAAAVIQADAAAAAAAAFARAjAAAAAAAABARQjAAAAAAAAAABUhAAMAAAAAAABUhAAMAAAAAAAAUBECMAAAAAAAAEBFCMAAAAAAAAAAFSEAAwAAAAAAAFSEAAwAAAAAAABQEQIwAAAAAAAAQEUIwAAAAAAAAAAVIQADAAAAAAAAVIQADAAAAAAAAFARAjAAAAAAAABARQjAAAAAAAAAABUhAAMAAAAAAABUhAAMAAAAAAAAUBECMAAAAAAAAEBFCMAAAAAAAAAAFSEAAwAAAAAAAFSEAAwAAAAAAABQEQIwAAAAAAAAQEUIwAAAAAAAAAAVIQAD/397diADAAAAMMjf+h5faQQAAAAAAMCEAAYAAAAAAACYEMAAAAAAAAAAEwIYAAAAAAAAYEIAAwAAAAAAAEwIYAAAAAAAAIAJAQwAAAAAAAAwIYABAAAAAAAAJgQwAAAAAAAAwIQABgAAAAAAAJgQwAAAAAAAAAATAhgAAAAAAABgQgADAAAAAAAATAhgAAAAAAAAgAkBDAAAAAAAADAhgAEAAAAAAAAmBDAAAAAAAADAhAAGAAAAAAAAmAjFyWtaocooAAAAAABJRU5ErkJggg==
]]></system-out>
  </testcase>
  <testcase name="loginAppWithInvalidCredentails" classname="testcases.LoginApplication" time="1.003"/>
  <testcase name="loginAppWithNoCredentails" classname="testcases.LoginApplication" time="0.702"/>
  <testcase name="loginAppWithNoUsername" classname="testcases.LoginApplication" time="0.493"/>
  <testcase name="loginAppWithNopassword" classname="testcases.LoginApplication" time="1.007"/>
</testsuite>