<?xml version="1.0" encoding="UTF-8"?>
<!-- Generated by org.testng.reporters.JUnitReportReporter -->
<testsuite hostname="DESKTOP-ST8JVAJ" failures="0" tests="6" name="testcases.SignUpApplication" time="29.243" errors="0" timestamp="2022-09-26T00:03:54 EDT" skipped="0">
  <testcase classname="testcases.SignUpApplication" name="userExist" time="5.128"/>
  <system-out/>
  <testcase classname="testcases.SignUpApplication" name="userExist" time="5.297"/>
  <system-out/>
  <testcase classname="testcases.SignUpApplication" name="userExist" time="4.294"/>
  <system-out/>
  <testcase classname="testcases.SignUpApplication" name="userExist" time="4.408"/>
  <system-out/>
  <testcase classname="testcases.SignUpApplication" name="userExist" time="5.413"/>
  <system-out/>
  <testcase classname="testcases.SignUpApplication" name="userExist" time="4.703"/>
  <system-out/>
</testsuite> <!-- testcases.SignUpApplication -->
