<?xml version="1.0" encoding="UTF-8"?>
<!-- Generated by org.testng.reporters.JUnitReportReporter -->
<testsuite hostname="DESKTOP-ST8JVAJ" failures="0" tests="1" name="unitTest.ConfigUtilityTest" time="0.014" errors="0" timestamp="2022-09-23T01:23:23 EDT" skipped="0">
  <testcase classname="unitTest.ConfigUtilityTest" name="checkConfig" time="0.014"/>
  <system-out/>
</testsuite> <!-- unitTest.ConfigUtilityTest -->
