<?xml version="1.0" encoding="UTF-8"?>
<!-- Generated by org.testng.reporters.JUnitReportReporter -->
<testsuite hostname="DESKTOP-ST8JVAJ" failures="0" tests="1" name="unitTest.ExcelUtilityTest" time="0.195" errors="0" timestamp="2022-09-23T01:23:23 EDT" skipped="0">
  <testcase classname="unitTest.ExcelUtilityTest" name="checkExcel" time="0.195"/>
  <system-out/>
</testsuite> <!-- unitTest.ExcelUtilityTest -->
