<?xml version="1.0" encoding="UTF-8"?>
<!-- Generated by org.testng.reporters.JUnitReportReporter -->
<testsuite hostname="DESKTOP-ST8JVAJ" failures="0" tests="1" name="testcases.SampleTestClass" time="0.017" errors="0" timestamp="2022-10-10T23:43:31 EDT" skipped="0">
  <testcase classname="testcases.SampleTestClass" name="sampleTestcase" time="0.017"/>
  <system-out/>
</testsuite> <!-- testcases.SampleTestClass -->
