<?xml version="1.0" encoding="UTF-8"?>
<!-- Generated by org.testng.reporters.JUnitReportReporter -->
<testsuite hostname="DESKTOP-ST8JVAJ" failures="0" tests="6" name="testcases.LoginApplication" time="72.945" errors="0" timestamp="2022-10-07T10:22:52 EDT" skipped="0">
  <testcase classname="testcases.LoginApplication" name="loginApp" time="63.584"/>
  <system-out/>
  <testcase classname="testcases.LoginApplication" name="loginAppWithNoUsername" time="0.552"/>
  <system-out/>
  <testcase classname="testcases.LoginApplication" name="loginAppWithInvalidCredentails" time="1.558"/>
  <system-out/>
  <testcase classname="testcases.LoginApplication" name="loginApp" time="5.059"/>
  <system-out/>
  <testcase classname="testcases.LoginApplication" name="loginAppWithNoCredentails" time="0.872"/>
  <system-out/>
  <testcase classname="testcases.LoginApplication" name="loginAppWithNopassword" time="1.320"/>
  <system-out/>
</testsuite> <!-- testcases.LoginApplication -->
