<?xml version="1.0" encoding="UTF-8"?>
<!-- Generated by org.testng.reporters.JUnitReportReporter -->
<testsuite hostname="DESKTOP-ST8JVAJ" failures="0" tests="1" name="testcases.SampleTestClass2" time="0.035" errors="0" timestamp="2022-10-10T23:44:10 EDT" skipped="0">
  <testcase classname="testcases.SampleTestClass2" name="sampleTestcase" time="0.035"/>
  <system-out/>
</testsuite> <!-- testcases.SampleTestClass2 -->
